01 фев 2020 19:58:42,015 system - system - system  INFO ExInfoLogger - SQL SESSION CLOSE SQL@1983450824
	at lsfusion.base.ExceptionUtils.getStackTrace(ExceptionUtils.java:26)
	at lsfusion.server.physics.admin.log.ServerLoggers.exinfoLog(ServerLoggers.java:122)
	at lsfusion.server.data.sql.SQLSession.onClose(SQLSession.java:2658)
	at lsfusion.server.data.sql.SQLSession.onClose(SQLSession.java:1)
	at lsfusion.server.base.MutableClosedObject.explicitClose(MutableClosedObject.java:23)
	at lsfusion.server.data.sql.SQLSession.close(SQLSession.java:3319)
	at lsfusion.server.physics.exec.db.controller.manager.DBManager.closeThreadLocalSql(DBManager.java:809)
	at lsfusion.server.base.controller.thread.ExecutorFactory$ClosableDaemonThreadFactory$ClosableThread.run(ExecutorFactory.java:542)

01 фев 2020 19:58:53,652 system - system - system  INFO ExInfoLogger - SQL SESSION CLOSE SQL@272915757
	at lsfusion.base.ExceptionUtils.getStackTrace(ExceptionUtils.java:26)
	at lsfusion.server.physics.admin.log.ServerLoggers.exinfoLog(ServerLoggers.java:122)
	at lsfusion.server.data.sql.SQLSession.onClose(SQLSession.java:2658)
	at lsfusion.server.data.sql.SQLSession.onClose(SQLSession.java:1)
	at lsfusion.server.base.MutableClosedObject.explicitClose(MutableClosedObject.java:23)
	at lsfusion.server.data.sql.SQLSession.close(SQLSession.java:3319)
	at lsfusion.server.physics.exec.db.controller.manager.DBManager.closeThreadLocalSql(DBManager.java:809)
	at lsfusion.server.base.controller.thread.ExecutorFactory$ClosableDaemonThreadFactory$ClosableThread.run(ExecutorFactory.java:542)

01 фев 2020 19:58:53,652 system - system - system  INFO ExInfoLogger - SQL SESSION CLOSE SQL@965971839
	at lsfusion.base.ExceptionUtils.getStackTrace(ExceptionUtils.java:26)
	at lsfusion.server.physics.admin.log.ServerLoggers.exinfoLog(ServerLoggers.java:122)
	at lsfusion.server.data.sql.SQLSession.onClose(SQLSession.java:2658)
	at lsfusion.server.data.sql.SQLSession.onClose(SQLSession.java:1)
	at lsfusion.server.base.MutableClosedObject.explicitClose(MutableClosedObject.java:23)
	at lsfusion.server.data.sql.SQLSession.close(SQLSession.java:3319)
	at lsfusion.server.physics.exec.db.controller.manager.DBManager.closeThreadLocalSql(DBManager.java:809)
	at lsfusion.server.base.controller.thread.ExecutorFactory$ClosableDaemonThreadFactory$ClosableThread.run(ExecutorFactory.java:542)

01 фев 2020 19:58:53,652 system - system - system  INFO ExInfoLogger - SQL SESSION CLOSE SQL@1484741618
	at lsfusion.base.ExceptionUtils.getStackTrace(ExceptionUtils.java:26)
	at lsfusion.server.physics.admin.log.ServerLoggers.exinfoLog(ServerLoggers.java:122)
	at lsfusion.server.data.sql.SQLSession.onClose(SQLSession.java:2658)
	at lsfusion.server.data.sql.SQLSession.onClose(SQLSession.java:1)
	at lsfusion.server.base.MutableClosedObject.explicitClose(MutableClosedObject.java:23)
	at lsfusion.server.data.sql.SQLSession.close(SQLSession.java:3319)
	at lsfusion.server.physics.exec.db.controller.manager.DBManager.closeThreadLocalSql(DBManager.java:809)
	at lsfusion.server.base.controller.thread.ExecutorFactory$ClosableDaemonThreadFactory$ClosableThread.run(ExecutorFactory.java:542)

01 фев 2020 19:58:53,668 system - system - system  INFO ExInfoLogger - SQL SESSION CLOSE SQL@837659261
	at lsfusion.base.ExceptionUtils.getStackTrace(ExceptionUtils.java:26)
	at lsfusion.server.physics.admin.log.ServerLoggers.exinfoLog(ServerLoggers.java:122)
	at lsfusion.server.data.sql.SQLSession.onClose(SQLSession.java:2658)
	at lsfusion.server.data.sql.SQLSession.onClose(SQLSession.java:1)
	at lsfusion.server.base.MutableClosedObject.explicitClose(MutableClosedObject.java:23)
	at lsfusion.server.data.sql.SQLSession.close(SQLSession.java:3319)
	at lsfusion.server.physics.exec.db.controller.manager.DBManager.closeThreadLocalSql(DBManager.java:809)
	at lsfusion.server.base.controller.thread.ThreadLocalContext.aspectAfter(ThreadLocalContext.java:325)
	at lsfusion.server.base.controller.thread.ThreadLocalContext.aspectAfterEvent(ThreadLocalContext.java:343)
	at lsfusion.server.base.controller.thread.ThreadLocalContext.aspectAfterEvent(ThreadLocalContext.java:355)
	at lsfusion.server.base.controller.thread.ThreadLocalContext.aspectAfterLifecycle(ThreadLocalContext.java:427)
	at lsfusion.server.logics.LogicsInstance.start(LogicsInstance.java:182)
	at lsfusion.server.logics.BusinessLogicsBootstrap.start(BusinessLogicsBootstrap.java:51)
	at lsfusion.server.logics.BusinessLogicsBootstrap.main(BusinessLogicsBootstrap.java:165)

01 фев 2020 19:59:00,343 system - system - system  INFO ExInfoLogger - SQL SESSION CLOSE SQL@858483582
	at lsfusion.base.ExceptionUtils.getStackTrace(ExceptionUtils.java:26)
	at lsfusion.server.physics.admin.log.ServerLoggers.exinfoLog(ServerLoggers.java:122)
	at lsfusion.server.data.sql.SQLSession.onClose(SQLSession.java:2658)
	at lsfusion.server.data.sql.SQLSession.onClose(SQLSession.java:1)
	at lsfusion.server.base.MutableClosedObject.explicitClose(MutableClosedObject.java:23)
	at lsfusion.server.data.sql.SQLSession.close(SQLSession.java:3319)
	at lsfusion.server.physics.exec.db.controller.manager.DBManager.closeThreadLocalSql(DBManager.java:809)
	at lsfusion.server.base.controller.thread.ThreadLocalContext.aspectAfter(ThreadLocalContext.java:325)
	at lsfusion.server.base.controller.thread.ThreadLocalContext.aspectAfterEvent(ThreadLocalContext.java:343)
	at lsfusion.server.base.controller.thread.ThreadLocalContext.aspectAfterRmi(ThreadLocalContext.java:375)
	at lsfusion.server.logics.controller.remote.RemoteLogics.authenticateUser_aroundBody47$advice(RemoteLogics.java:56)
	at lsfusion.server.logics.controller.remote.RemoteLogics.authenticateUser(RemoteLogics.java:1)
	at sun.reflect.NativeMethodAccessorImpl.invoke0(Native Method)
	at sun.reflect.NativeMethodAccessorImpl.invoke(NativeMethodAccessorImpl.java:62)
	at sun.reflect.DelegatingMethodAccessorImpl.invoke(DelegatingMethodAccessorImpl.java:43)
	at java.lang.reflect.Method.invoke(Method.java:498)
	at sun.rmi.server.UnicastServerRef.dispatch(UnicastServerRef.java:357)
	at sun.rmi.transport.Transport$1.run(Transport.java:200)
	at sun.rmi.transport.Transport$1.run(Transport.java:197)
	at java.security.AccessController.doPrivileged(Native Method)
	at sun.rmi.transport.Transport.serviceCall(Transport.java:196)
	at sun.rmi.transport.tcp.TCPTransport.handleMessages(TCPTransport.java:573)
	at sun.rmi.transport.tcp.TCPTransport$ConnectionHandler.run0(TCPTransport.java:834)
	at sun.rmi.transport.tcp.TCPTransport$ConnectionHandler.lambda$run$0(TCPTransport.java:688)
	at java.security.AccessController.doPrivileged(Native Method)
	at sun.rmi.transport.tcp.TCPTransport$ConnectionHandler.run(TCPTransport.java:687)
	at java.util.concurrent.ThreadPoolExecutor.runWorker(ThreadPoolExecutor.java:1149)
	at java.util.concurrent.ThreadPoolExecutor$Worker.run(ThreadPoolExecutor.java:624)
	at java.lang.Thread.run(Thread.java:748)

01 фев 2020 19:59:00,546 system - system - system  INFO ExInfoLogger - SQL SESSION CLOSE SQL@708689676
	at lsfusion.base.ExceptionUtils.getStackTrace(ExceptionUtils.java:26)
	at lsfusion.server.physics.admin.log.ServerLoggers.exinfoLog(ServerLoggers.java:122)
	at lsfusion.server.data.sql.SQLSession.onClose(SQLSession.java:2658)
	at lsfusion.server.data.sql.SQLSession.onClose(SQLSession.java:1)
	at lsfusion.server.base.MutableClosedObject.explicitClose(MutableClosedObject.java:23)
	at lsfusion.server.data.sql.SQLSession.close(SQLSession.java:3319)
	at lsfusion.server.physics.admin.authentication.controller.remote.RemoteConnection.onClose(RemoteConnection.java:254)
	at lsfusion.server.logics.action.session.controller.remote.RemoteSession.onClose(RemoteSession.java:274)
	at lsfusion.server.base.controller.remote.context.ContextAwarePendingRemoteObject.localClose(ContextAwarePendingRemoteObject.java:223)
	at lsfusion.server.logics.controller.remote.RemoteLogics.runInNewSession(RemoteLogics.java:150)
	at lsfusion.server.logics.controller.remote.RemoteLogics.exec_aroundBody16(RemoteLogics.java:156)
	at lsfusion.server.logics.controller.remote.RemoteLogics$AjcClosure17.run(RemoteLogics.java:1)
	at org.aspectj.runtime.reflect.JoinPointImpl.proceed(JoinPointImpl.java:149)
	at lsfusion.server.base.controller.stack.ExecutionStackAspect.processStackItem(ExecutionStackAspect.java:250)
	at lsfusion.server.base.controller.stack.ExecutionStackAspect.ajc$inlineAccessMethod$lsfusion_server_base_controller_stack_ExecutionStackAspect$lsfusion_server_base_controller_stack_ExecutionStackAspect$processStackItem(ExecutionStackAspect.java:1)
	at lsfusion.server.base.controller.stack.ExecutionStackAspect.execute(ExecutionStackAspect.java:195)
	at lsfusion.server.logics.controller.remote.RemoteLogics.exec_aroundBody18(RemoteLogics.java:155)
	at lsfusion.server.logics.controller.remote.RemoteLogics$AjcClosure19.run(RemoteLogics.java:1)
	at org.aspectj.runtime.reflect.JoinPointImpl.proceed(JoinPointImpl.java:149)
	at lsfusion.server.physics.admin.log.RemoteLoggerAspect.executeRemoteMethod(RemoteLoggerAspect.java:34)
	at lsfusion.server.logics.controller.remote.RemoteLogics.exec_aroundBody20(RemoteLogics.java:155)
	at lsfusion.server.logics.controller.remote.RemoteLogics.exec_aroundBody21$advice(RemoteLogics.java:30)
	at lsfusion.server.logics.controller.remote.RemoteLogics.exec_aroundBody22(RemoteLogics.java:1)
	at lsfusion.server.logics.controller.remote.RemoteLogics.exec_aroundBody23$advice(RemoteLogics.java:47)
	at lsfusion.server.logics.controller.remote.RemoteLogics.exec(RemoteLogics.java:1)
	at sun.reflect.NativeMethodAccessorImpl.invoke0(Native Method)
	at sun.reflect.NativeMethodAccessorImpl.invoke(NativeMethodAccessorImpl.java:62)
	at sun.reflect.DelegatingMethodAccessorImpl.invoke(DelegatingMethodAccessorImpl.java:43)
	at java.lang.reflect.Method.invoke(Method.java:498)
	at sun.rmi.server.UnicastServerRef.dispatch(UnicastServerRef.java:357)
	at sun.rmi.transport.Transport$1.run(Transport.java:200)
	at sun.rmi.transport.Transport$1.run(Transport.java:197)
	at java.security.AccessController.doPrivileged(Native Method)
	at sun.rmi.transport.Transport.serviceCall(Transport.java:196)
	at sun.rmi.transport.tcp.TCPTransport.handleMessages(TCPTransport.java:573)
	at sun.rmi.transport.tcp.TCPTransport$ConnectionHandler.run0(TCPTransport.java:834)
	at sun.rmi.transport.tcp.TCPTransport$ConnectionHandler.lambda$run$0(TCPTransport.java:688)
	at java.security.AccessController.doPrivileged(Native Method)
	at sun.rmi.transport.tcp.TCPTransport$ConnectionHandler.run(TCPTransport.java:687)
	at java.util.concurrent.ThreadPoolExecutor.runWorker(ThreadPoolExecutor.java:1149)
	at java.util.concurrent.ThreadPoolExecutor$Worker.run(ThreadPoolExecutor.java:624)
	at java.lang.Thread.run(Thread.java:748)

01 фев 2020 19:59:00,608 system - system - system  INFO ExInfoLogger - SQL SESSION CLOSE SQL@893163379
	at lsfusion.base.ExceptionUtils.getStackTrace(ExceptionUtils.java:26)
	at lsfusion.server.physics.admin.log.ServerLoggers.exinfoLog(ServerLoggers.java:122)
	at lsfusion.server.data.sql.SQLSession.onClose(SQLSession.java:2658)
	at lsfusion.server.data.sql.SQLSession.onClose(SQLSession.java:1)
	at lsfusion.server.base.MutableClosedObject.explicitClose(MutableClosedObject.java:23)
	at lsfusion.server.data.sql.SQLSession.close(SQLSession.java:3319)
	at lsfusion.server.physics.admin.authentication.controller.remote.RemoteConnection.onClose(RemoteConnection.java:254)
	at lsfusion.server.logics.action.session.controller.remote.RemoteSession.onClose(RemoteSession.java:274)
	at lsfusion.server.base.controller.remote.context.ContextAwarePendingRemoteObject.localClose(ContextAwarePendingRemoteObject.java:223)
	at lsfusion.server.logics.controller.remote.RemoteLogics.runInNewSession(RemoteLogics.java:150)
	at lsfusion.server.logics.controller.remote.RemoteLogics.exec_aroundBody16(RemoteLogics.java:156)
	at lsfusion.server.logics.controller.remote.RemoteLogics$AjcClosure17.run(RemoteLogics.java:1)
	at org.aspectj.runtime.reflect.JoinPointImpl.proceed(JoinPointImpl.java:149)
	at lsfusion.server.base.controller.stack.ExecutionStackAspect.processStackItem(ExecutionStackAspect.java:250)
	at lsfusion.server.base.controller.stack.ExecutionStackAspect.ajc$inlineAccessMethod$lsfusion_server_base_controller_stack_ExecutionStackAspect$lsfusion_server_base_controller_stack_ExecutionStackAspect$processStackItem(ExecutionStackAspect.java:1)
	at lsfusion.server.base.controller.stack.ExecutionStackAspect.execute(ExecutionStackAspect.java:195)
	at lsfusion.server.logics.controller.remote.RemoteLogics.exec_aroundBody18(RemoteLogics.java:155)
	at lsfusion.server.logics.controller.remote.RemoteLogics$AjcClosure19.run(RemoteLogics.java:1)
	at org.aspectj.runtime.reflect.JoinPointImpl.proceed(JoinPointImpl.java:149)
	at lsfusion.server.physics.admin.log.RemoteLoggerAspect.executeRemoteMethod(RemoteLoggerAspect.java:34)
	at lsfusion.server.logics.controller.remote.RemoteLogics.exec_aroundBody20(RemoteLogics.java:155)
	at lsfusion.server.logics.controller.remote.RemoteLogics.exec_aroundBody21$advice(RemoteLogics.java:30)
	at lsfusion.server.logics.controller.remote.RemoteLogics.exec_aroundBody22(RemoteLogics.java:1)
	at lsfusion.server.logics.controller.remote.RemoteLogics.exec_aroundBody23$advice(RemoteLogics.java:47)
	at lsfusion.server.logics.controller.remote.RemoteLogics.exec(RemoteLogics.java:1)
	at sun.reflect.NativeMethodAccessorImpl.invoke0(Native Method)
	at sun.reflect.NativeMethodAccessorImpl.invoke(NativeMethodAccessorImpl.java:62)
	at sun.reflect.DelegatingMethodAccessorImpl.invoke(DelegatingMethodAccessorImpl.java:43)
	at java.lang.reflect.Method.invoke(Method.java:498)
	at sun.rmi.server.UnicastServerRef.dispatch(UnicastServerRef.java:357)
	at sun.rmi.transport.Transport$1.run(Transport.java:200)
	at sun.rmi.transport.Transport$1.run(Transport.java:197)
	at java.security.AccessController.doPrivileged(Native Method)
	at sun.rmi.transport.Transport.serviceCall(Transport.java:196)
	at sun.rmi.transport.tcp.TCPTransport.handleMessages(TCPTransport.java:573)
	at sun.rmi.transport.tcp.TCPTransport$ConnectionHandler.run0(TCPTransport.java:834)
	at sun.rmi.transport.tcp.TCPTransport$ConnectionHandler.lambda$run$0(TCPTransport.java:688)
	at java.security.AccessController.doPrivileged(Native Method)
	at sun.rmi.transport.tcp.TCPTransport$ConnectionHandler.run(TCPTransport.java:687)
	at java.util.concurrent.ThreadPoolExecutor.runWorker(ThreadPoolExecutor.java:1149)
	at java.util.concurrent.ThreadPoolExecutor$Worker.run(ThreadPoolExecutor.java:624)
	at java.lang.Thread.run(Thread.java:748)

01 фев 2020 19:59:01,832 system - system - system  INFO ExInfoLogger - SQL SESSION CLOSE SQL@363696720
	at lsfusion.base.ExceptionUtils.getStackTrace(ExceptionUtils.java:26)
	at lsfusion.server.physics.admin.log.ServerLoggers.exinfoLog(ServerLoggers.java:122)
	at lsfusion.server.data.sql.SQLSession.onClose(SQLSession.java:2658)
	at lsfusion.server.data.sql.SQLSession.onClose(SQLSession.java:1)
	at lsfusion.server.base.MutableClosedObject.explicitClose(MutableClosedObject.java:23)
	at lsfusion.server.data.sql.SQLSession.close(SQLSession.java:3319)
	at lsfusion.server.physics.exec.db.controller.manager.DBManager.closeThreadLocalSql(DBManager.java:809)
	at lsfusion.server.base.controller.thread.ThreadLocalContext.aspectAfter(ThreadLocalContext.java:325)
	at lsfusion.server.base.controller.thread.ThreadLocalContext.aspectAfterEvent(ThreadLocalContext.java:343)
	at lsfusion.server.base.controller.thread.ThreadLocalContext.aspectAfterRmi(ThreadLocalContext.java:375)
	at lsfusion.server.logics.controller.remote.RemoteLogics.createNavigator_aroundBody7$advice(RemoteLogics.java:56)
	at lsfusion.server.logics.controller.remote.RemoteLogics.createNavigator(RemoteLogics.java:1)
	at sun.reflect.NativeMethodAccessorImpl.invoke0(Native Method)
	at sun.reflect.NativeMethodAccessorImpl.invoke(NativeMethodAccessorImpl.java:62)
	at sun.reflect.DelegatingMethodAccessorImpl.invoke(DelegatingMethodAccessorImpl.java:43)
	at java.lang.reflect.Method.invoke(Method.java:498)
	at sun.rmi.server.UnicastServerRef.dispatch(UnicastServerRef.java:357)
	at sun.rmi.transport.Transport$1.run(Transport.java:200)
	at sun.rmi.transport.Transport$1.run(Transport.java:197)
	at java.security.AccessController.doPrivileged(Native Method)
	at sun.rmi.transport.Transport.serviceCall(Transport.java:196)
	at sun.rmi.transport.tcp.TCPTransport.handleMessages(TCPTransport.java:573)
	at sun.rmi.transport.tcp.TCPTransport$ConnectionHandler.run0(TCPTransport.java:834)
	at sun.rmi.transport.tcp.TCPTransport$ConnectionHandler.lambda$run$0(TCPTransport.java:688)
	at java.security.AccessController.doPrivileged(Native Method)
	at sun.rmi.transport.tcp.TCPTransport$ConnectionHandler.run(TCPTransport.java:687)
	at java.util.concurrent.ThreadPoolExecutor.runWorker(ThreadPoolExecutor.java:1149)
	at java.util.concurrent.ThreadPoolExecutor$Worker.run(ThreadPoolExecutor.java:624)
	at java.lang.Thread.run(Thread.java:748)

