01 фев 2020 19:59:02,144  INFO PausableInvocationsLogger - Acquiring request lock for [f: navigator, m: executeNavigatorAction, rq: 0] for request #0
01 фев 2020 19:59:02,144  INFO PausableInvocationsLogger - Acquired request lock for [f: navigator, m: executeNavigatorAction, rq: 0] for request #0
01 фев 2020 19:59:02,144  INFO PausableInvocationsLogger - Run invocation: [f: navigator, m: executeNavigatorAction, rq: 0]
01 фев 2020 19:59:02,175  INFO PausableInvocationsLogger - Invocation [f: navigator, m: executeNavigatorAction, rq: 0] finished
01 фев 2020 19:59:02,175  INFO PausableInvocationsLogger - Releasing request lock for [f: navigator, m: executeNavigatorAction, rq: 0] for request #0
01 фев 2020 19:59:02,175  INFO PausableInvocationsLogger - Released request lock for [f: navigator, m: executeNavigatorAction, rq: 0] for request #0
01 фев 2020 19:59:06,283  INFO PausableInvocationsLogger - Acquiring request lock for [f: navigator, m: executeNavigatorAction, rq: 1] for request #1
01 фев 2020 19:59:06,283  INFO PausableInvocationsLogger - Acquired request lock for [f: navigator, m: executeNavigatorAction, rq: 1] for request #1
01 фев 2020 19:59:06,283  INFO PausableInvocationsLogger - Run invocation: [f: navigator, m: executeNavigatorAction, rq: 1]
01 фев 2020 19:59:06,628  INFO PausableInvocationsLogger - Interaction [f: navigator, m: executeNavigatorAction, rq: 1] called delayUserInteraction: FormClientAction[modalitType: DOCKED]
01 фев 2020 19:59:06,628  INFO PausableInvocationsLogger - Invocation [f: navigator, m: executeNavigatorAction, rq: 1] finished
01 фев 2020 19:59:06,628  INFO PausableInvocationsLogger - Releasing request lock for [f: navigator, m: executeNavigatorAction, rq: 1] for request #1
01 фев 2020 19:59:06,628  INFO PausableInvocationsLogger - Released request lock for [f: navigator, m: executeNavigatorAction, rq: 1] for request #1
01 фев 2020 20:08:54,485  INFO PausableInvocationsLogger - Acquiring request lock for [f: navigator, m: executeNavigatorAction, rq: 0] for request #0
01 фев 2020 20:08:54,485  INFO PausableInvocationsLogger - Acquired request lock for [f: navigator, m: executeNavigatorAction, rq: 0] for request #0
01 фев 2020 20:08:54,485  INFO PausableInvocationsLogger - Run invocation: [f: navigator, m: executeNavigatorAction, rq: 0]
01 фев 2020 20:08:54,517  INFO PausableInvocationsLogger - Invocation [f: navigator, m: executeNavigatorAction, rq: 0] finished
01 фев 2020 20:08:54,532  INFO PausableInvocationsLogger - Releasing request lock for [f: navigator, m: executeNavigatorAction, rq: 0] for request #0
01 фев 2020 20:08:54,532  INFO PausableInvocationsLogger - Released request lock for [f: navigator, m: executeNavigatorAction, rq: 0] for request #0
01 фев 2020 20:29:14,513  INFO PausableInvocationsLogger - Acquiring request lock for [f: navigator, m: executeNavigatorAction, rq: 0] for request #0
01 фев 2020 20:29:14,513  INFO PausableInvocationsLogger - Acquired request lock for [f: navigator, m: executeNavigatorAction, rq: 0] for request #0
01 фев 2020 20:29:14,513  INFO PausableInvocationsLogger - Run invocation: [f: navigator, m: executeNavigatorAction, rq: 0]
01 фев 2020 20:29:14,545  INFO PausableInvocationsLogger - Invocation [f: navigator, m: executeNavigatorAction, rq: 0] finished
01 фев 2020 20:29:14,545  INFO PausableInvocationsLogger - Releasing request lock for [f: navigator, m: executeNavigatorAction, rq: 0] for request #0
01 фев 2020 20:29:14,545  INFO PausableInvocationsLogger - Released request lock for [f: navigator, m: executeNavigatorAction, rq: 0] for request #0
01 фев 2020 20:29:46,799  INFO PausableInvocationsLogger - Acquiring request lock for [f: navigator, m: executeNavigatorAction, rq: 1] for request #1
01 фев 2020 20:29:46,799  INFO PausableInvocationsLogger - Acquired request lock for [f: navigator, m: executeNavigatorAction, rq: 1] for request #1
01 фев 2020 20:29:46,799  INFO PausableInvocationsLogger - Run invocation: [f: navigator, m: executeNavigatorAction, rq: 1]
01 фев 2020 20:29:47,307  INFO PausableInvocationsLogger - Interaction [f: navigator, m: executeNavigatorAction, rq: 1] called delayUserInteraction: FormClientAction[modalitType: DOCKED]
01 фев 2020 20:29:47,307  INFO PausableInvocationsLogger - Invocation [f: navigator, m: executeNavigatorAction, rq: 1] finished
01 фев 2020 20:29:47,307  INFO PausableInvocationsLogger - Releasing request lock for [f: navigator, m: executeNavigatorAction, rq: 1] for request #1
01 фев 2020 20:29:47,307  INFO PausableInvocationsLogger - Released request lock for [f: navigator, m: executeNavigatorAction, rq: 1] for request #1
01 фев 2020 22:13:42,177  INFO PausableInvocationsLogger - Acquiring request lock for [f: navigator, m: executeNavigatorAction, rq: 0] for request #0
01 фев 2020 22:13:42,177  INFO PausableInvocationsLogger - Acquired request lock for [f: navigator, m: executeNavigatorAction, rq: 0] for request #0
01 фев 2020 22:13:42,180  INFO PausableInvocationsLogger - Run invocation: [f: navigator, m: executeNavigatorAction, rq: 0]
01 фев 2020 22:13:42,290  INFO PausableInvocationsLogger - Invocation [f: navigator, m: executeNavigatorAction, rq: 0] finished
01 фев 2020 22:13:42,290  INFO PausableInvocationsLogger - Releasing request lock for [f: navigator, m: executeNavigatorAction, rq: 0] for request #0
01 фев 2020 22:13:42,290  INFO PausableInvocationsLogger - Released request lock for [f: navigator, m: executeNavigatorAction, rq: 0] for request #0
01 фев 2020 22:13:57,239  INFO PausableInvocationsLogger - Acquiring request lock for [f: navigator, m: executeNavigatorAction, rq: 1] for request #1
01 фев 2020 22:13:57,240  INFO PausableInvocationsLogger - Acquired request lock for [f: navigator, m: executeNavigatorAction, rq: 1] for request #1
01 фев 2020 22:13:57,240  INFO PausableInvocationsLogger - Run invocation: [f: navigator, m: executeNavigatorAction, rq: 1]
01 фев 2020 22:13:57,961  INFO PausableInvocationsLogger - Interaction [f: navigator, m: executeNavigatorAction, rq: 1] called delayUserInteraction: FormClientAction[modalitType: DOCKED]
01 фев 2020 22:13:57,961  INFO PausableInvocationsLogger - Invocation [f: navigator, m: executeNavigatorAction, rq: 1] finished
01 фев 2020 22:13:57,961  INFO PausableInvocationsLogger - Releasing request lock for [f: navigator, m: executeNavigatorAction, rq: 1] for request #1
01 фев 2020 22:13:57,961  INFO PausableInvocationsLogger - Released request lock for [f: navigator, m: executeNavigatorAction, rq: 1] for request #1
01 фев 2020 22:18:20,341  INFO PausableInvocationsLogger - Acquiring request lock for [f: navigator, m: executeNavigatorAction, rq: 0] for request #0
01 фев 2020 22:18:20,342  INFO PausableInvocationsLogger - Acquired request lock for [f: navigator, m: executeNavigatorAction, rq: 0] for request #0
01 фев 2020 22:18:20,348  INFO PausableInvocationsLogger - Run invocation: [f: navigator, m: executeNavigatorAction, rq: 0]
01 фев 2020 22:18:20,430  INFO PausableInvocationsLogger - Invocation [f: navigator, m: executeNavigatorAction, rq: 0] finished
01 фев 2020 22:18:20,430  INFO PausableInvocationsLogger - Releasing request lock for [f: navigator, m: executeNavigatorAction, rq: 0] for request #0
01 фев 2020 22:18:20,431  INFO PausableInvocationsLogger - Released request lock for [f: navigator, m: executeNavigatorAction, rq: 0] for request #0
01 фев 2020 22:18:36,999  INFO PausableInvocationsLogger - Acquiring request lock for [f: navigator, m: executeNavigatorAction, rq: 1] for request #1
01 фев 2020 22:18:36,999  INFO PausableInvocationsLogger - Acquired request lock for [f: navigator, m: executeNavigatorAction, rq: 1] for request #1
01 фев 2020 22:18:37,000  INFO PausableInvocationsLogger - Run invocation: [f: navigator, m: executeNavigatorAction, rq: 1]
01 фев 2020 22:18:37,928  INFO PausableInvocationsLogger - Interaction [f: navigator, m: executeNavigatorAction, rq: 1] called delayUserInteraction: FormClientAction[modalitType: DOCKED]
01 фев 2020 22:18:37,936  INFO PausableInvocationsLogger - Invocation [f: navigator, m: executeNavigatorAction, rq: 1] finished
01 фев 2020 22:18:37,936  INFO PausableInvocationsLogger - Releasing request lock for [f: navigator, m: executeNavigatorAction, rq: 1] for request #1
01 фев 2020 22:18:37,936  INFO PausableInvocationsLogger - Released request lock for [f: navigator, m: executeNavigatorAction, rq: 1] for request #1
01 фев 2020 22:18:43,146  INFO PausableInvocationsLogger - Acquiring request lock for [f: Main.MainFormSingle, m: setTabVisible, rq: 0] for request #0
01 фев 2020 22:18:43,146  INFO PausableInvocationsLogger - Acquired request lock for [f: Main.MainFormSingle, m: setTabVisible, rq: 0] for request #0
01 фев 2020 22:18:43,162  INFO PausableInvocationsLogger - Run invocation: [f: Main.MainFormSingle, m: setTabVisible, rq: 0]
01 фев 2020 22:18:43,179  INFO PausableInvocationsLogger - Invocation [f: Main.MainFormSingle, m: setTabVisible, rq: 0] finished
01 фев 2020 22:18:43,179  INFO PausableInvocationsLogger - Releasing request lock for [f: Main.MainFormSingle, m: setTabVisible, rq: 0] for request #0
01 фев 2020 22:18:43,179  INFO PausableInvocationsLogger - Released request lock for [f: Main.MainFormSingle, m: setTabVisible, rq: 0] for request #0
01 фев 2020 22:18:44,313  INFO PausableInvocationsLogger - Acquiring request lock for [f: Main.MainFormSingle, m: setTabVisible, rq: 1] for request #1
01 фев 2020 22:18:44,314  INFO PausableInvocationsLogger - Acquired request lock for [f: Main.MainFormSingle, m: setTabVisible, rq: 1] for request #1
01 фев 2020 22:18:44,314  INFO PausableInvocationsLogger - Run invocation: [f: Main.MainFormSingle, m: setTabVisible, rq: 1]
01 фев 2020 22:18:44,317  INFO PausableInvocationsLogger - Invocation [f: Main.MainFormSingle, m: setTabVisible, rq: 1] finished
01 фев 2020 22:18:44,317  INFO PausableInvocationsLogger - Releasing request lock for [f: Main.MainFormSingle, m: setTabVisible, rq: 1] for request #1
01 фев 2020 22:18:44,317  INFO PausableInvocationsLogger - Released request lock for [f: Main.MainFormSingle, m: setTabVisible, rq: 1] for request #1
01 фев 2020 22:18:46,147  INFO PausableInvocationsLogger - Acquiring request lock for [f: Main.MainFormSingle, m: setTabVisible, rq: 2] for request #2
01 фев 2020 22:18:46,147  INFO PausableInvocationsLogger - Acquired request lock for [f: Main.MainFormSingle, m: setTabVisible, rq: 2] for request #2
01 фев 2020 22:18:46,147  INFO PausableInvocationsLogger - Run invocation: [f: Main.MainFormSingle, m: setTabVisible, rq: 2]
01 фев 2020 22:18:46,147  INFO PausableInvocationsLogger - Invocation [f: Main.MainFormSingle, m: setTabVisible, rq: 2] finished
01 фев 2020 22:18:46,147  INFO PausableInvocationsLogger - Releasing request lock for [f: Main.MainFormSingle, m: setTabVisible, rq: 2] for request #2
01 фев 2020 22:18:46,147  INFO PausableInvocationsLogger - Released request lock for [f: Main.MainFormSingle, m: setTabVisible, rq: 2] for request #2
01 фев 2020 22:18:47,380  INFO PausableInvocationsLogger - Acquiring request lock for [f: Main.MainFormSingle, m: setTabVisible, rq: 3] for request #3
01 фев 2020 22:18:47,380  INFO PausableInvocationsLogger - Acquired request lock for [f: Main.MainFormSingle, m: setTabVisible, rq: 3] for request #3
01 фев 2020 22:18:47,380  INFO PausableInvocationsLogger - Run invocation: [f: Main.MainFormSingle, m: setTabVisible, rq: 3]
01 фев 2020 22:18:47,382  INFO PausableInvocationsLogger - Invocation [f: Main.MainFormSingle, m: setTabVisible, rq: 3] finished
01 фев 2020 22:18:47,382  INFO PausableInvocationsLogger - Releasing request lock for [f: Main.MainFormSingle, m: setTabVisible, rq: 3] for request #3
01 фев 2020 22:18:47,382  INFO PausableInvocationsLogger - Released request lock for [f: Main.MainFormSingle, m: setTabVisible, rq: 3] for request #3
01 фев 2020 22:18:50,363  INFO PausableInvocationsLogger - Acquiring request lock for [f: Main.MainFormSingle, m: setTabVisible, rq: 4] for request #4
01 фев 2020 22:18:50,364  INFO PausableInvocationsLogger - Acquired request lock for [f: Main.MainFormSingle, m: setTabVisible, rq: 4] for request #4
01 фев 2020 22:18:50,365  INFO PausableInvocationsLogger - Run invocation: [f: Main.MainFormSingle, m: setTabVisible, rq: 4]
01 фев 2020 22:18:50,385  INFO PausableInvocationsLogger - Invocation [f: Main.MainFormSingle, m: setTabVisible, rq: 4] finished
01 фев 2020 22:18:50,385  INFO PausableInvocationsLogger - Releasing request lock for [f: Main.MainFormSingle, m: setTabVisible, rq: 4] for request #4
01 фев 2020 22:18:50,385  INFO PausableInvocationsLogger - Released request lock for [f: Main.MainFormSingle, m: setTabVisible, rq: 4] for request #4
01 фев 2020 22:18:52,031  INFO PausableInvocationsLogger - Acquiring request lock for [f: Main.MainFormSingle, m: setTabVisible, rq: 5] for request #5
01 фев 2020 22:18:52,031  INFO PausableInvocationsLogger - Acquired request lock for [f: Main.MainFormSingle, m: setTabVisible, rq: 5] for request #5
01 фев 2020 22:18:52,032  INFO PausableInvocationsLogger - Run invocation: [f: Main.MainFormSingle, m: setTabVisible, rq: 5]
01 фев 2020 22:18:52,033  INFO PausableInvocationsLogger - Invocation [f: Main.MainFormSingle, m: setTabVisible, rq: 5] finished
01 фев 2020 22:18:52,033  INFO PausableInvocationsLogger - Releasing request lock for [f: Main.MainFormSingle, m: setTabVisible, rq: 5] for request #5
01 фев 2020 22:18:52,033  INFO PausableInvocationsLogger - Released request lock for [f: Main.MainFormSingle, m: setTabVisible, rq: 5] for request #5
01 фев 2020 22:48:30,525  INFO PausableInvocationsLogger - Acquiring request lock for [f: navigator, m: executeNavigatorAction, rq: 2] for request #2
01 фев 2020 22:48:30,525  INFO PausableInvocationsLogger - Acquired request lock for [f: navigator, m: executeNavigatorAction, rq: 2] for request #2
01 фев 2020 22:48:30,527  INFO PausableInvocationsLogger - Run invocation: [f: navigator, m: executeNavigatorAction, rq: 2]
01 фев 2020 22:48:30,699  INFO PausableInvocationsLogger - Interaction [f: navigator, m: executeNavigatorAction, rq: 2] called delayUserInteraction: FormClientAction[modalitType: DOCKED]
01 фев 2020 22:48:30,699  INFO PausableInvocationsLogger - Invocation [f: navigator, m: executeNavigatorAction, rq: 2] finished
01 фев 2020 22:48:30,699  INFO PausableInvocationsLogger - Releasing request lock for [f: navigator, m: executeNavigatorAction, rq: 2] for request #2
01 фев 2020 22:48:30,699  INFO PausableInvocationsLogger - Released request lock for [f: navigator, m: executeNavigatorAction, rq: 2] for request #2
01 фев 2020 22:48:35,799  INFO PausableInvocationsLogger - Acquiring request lock for [f: Main.MainFormSingle, m: closedPressed, rq: 0] for request #0
01 фев 2020 22:48:35,799  INFO PausableInvocationsLogger - Acquired request lock for [f: Main.MainFormSingle, m: closedPressed, rq: 0] for request #0
01 фев 2020 22:48:35,799  INFO PausableInvocationsLogger - Run invocation: [f: Main.MainFormSingle, m: closedPressed, rq: 0]
01 фев 2020 22:48:35,799  INFO PausableInvocationsLogger - Interaction [f: Main.MainFormSingle, m: closedPressed, rq: 0] called delayUserInteraction: lsfusion.interop.action.HideFormClientAction@5d5509ac
01 фев 2020 22:48:35,813  INFO PausableInvocationsLogger - Invocation [f: Main.MainFormSingle, m: closedPressed, rq: 0] finished
01 фев 2020 22:48:35,813  INFO PausableInvocationsLogger - Releasing request lock for [f: Main.MainFormSingle, m: closedPressed, rq: 0] for request #0
01 фев 2020 22:48:35,814  INFO PausableInvocationsLogger - Released request lock for [f: Main.MainFormSingle, m: closedPressed, rq: 0] for request #0
01 фев 2020 22:48:35,954  INFO PausableInvocationsLogger - Acquiring request lock for [f: Main.MainFormSingle, m: gainedFocus, rq: 6] for request #6
01 фев 2020 22:48:35,955  INFO PausableInvocationsLogger - Acquired request lock for [f: Main.MainFormSingle, m: gainedFocus, rq: 6] for request #6
01 фев 2020 22:48:35,957  INFO PausableInvocationsLogger - Run invocation: [f: Main.MainFormSingle, m: gainedFocus, rq: 6]
01 фев 2020 22:48:35,959  INFO PausableInvocationsLogger - Invocation [f: Main.MainFormSingle, m: gainedFocus, rq: 6] finished
01 фев 2020 22:48:35,959  INFO PausableInvocationsLogger - Releasing request lock for [f: Main.MainFormSingle, m: gainedFocus, rq: 6] for request #6
01 фев 2020 22:48:35,959  INFO PausableInvocationsLogger - Released request lock for [f: Main.MainFormSingle, m: gainedFocus, rq: 6] for request #6
01 фев 2020 22:48:37,601  INFO PausableInvocationsLogger - Acquiring request lock for [f: Main.MainFormSingle, m: closedPressed, rq: 7] for request #7
01 фев 2020 22:48:37,601  INFO PausableInvocationsLogger - Acquired request lock for [f: Main.MainFormSingle, m: closedPressed, rq: 7] for request #7
01 фев 2020 22:48:37,601  INFO PausableInvocationsLogger - Run invocation: [f: Main.MainFormSingle, m: closedPressed, rq: 7]
01 фев 2020 22:48:37,603  INFO PausableInvocationsLogger - Interaction [f: Main.MainFormSingle, m: closedPressed, rq: 7] called delayUserInteraction: lsfusion.interop.action.HideFormClientAction@77f3f75d
01 фев 2020 22:48:37,603  INFO PausableInvocationsLogger - Invocation [f: Main.MainFormSingle, m: closedPressed, rq: 7] finished
01 фев 2020 22:48:37,603  INFO PausableInvocationsLogger - Releasing request lock for [f: Main.MainFormSingle, m: closedPressed, rq: 7] for request #7
01 фев 2020 22:48:37,603  INFO PausableInvocationsLogger - Released request lock for [f: Main.MainFormSingle, m: closedPressed, rq: 7] for request #7
01 фев 2020 22:48:38,714  INFO PausableInvocationsLogger - Acquiring request lock for [f: navigator, m: executeNavigatorAction, rq: 3] for request #3
01 фев 2020 22:48:38,715  INFO PausableInvocationsLogger - Acquired request lock for [f: navigator, m: executeNavigatorAction, rq: 3] for request #3
01 фев 2020 22:48:38,715  INFO PausableInvocationsLogger - Run invocation: [f: navigator, m: executeNavigatorAction, rq: 3]
01 фев 2020 22:48:38,865  INFO PausableInvocationsLogger - Interaction [f: navigator, m: executeNavigatorAction, rq: 3] called delayUserInteraction: FormClientAction[modalitType: DOCKED]
01 фев 2020 22:48:38,865  INFO PausableInvocationsLogger - Invocation [f: navigator, m: executeNavigatorAction, rq: 3] finished
01 фев 2020 22:48:38,865  INFO PausableInvocationsLogger - Releasing request lock for [f: navigator, m: executeNavigatorAction, rq: 3] for request #3
01 фев 2020 22:48:38,865  INFO PausableInvocationsLogger - Released request lock for [f: navigator, m: executeNavigatorAction, rq: 3] for request #3
01 фев 2020 22:48:42,748  INFO PausableInvocationsLogger - Acquiring request lock for [f: Main.MainFormSingle, m: closedPressed, rq: 0] for request #0
01 фев 2020 22:48:42,748  INFO PausableInvocationsLogger - Acquired request lock for [f: Main.MainFormSingle, m: closedPressed, rq: 0] for request #0
01 фев 2020 22:48:42,750  INFO PausableInvocationsLogger - Run invocation: [f: Main.MainFormSingle, m: closedPressed, rq: 0]
01 фев 2020 22:48:42,751  INFO PausableInvocationsLogger - Interaction [f: Main.MainFormSingle, m: closedPressed, rq: 0] called delayUserInteraction: lsfusion.interop.action.HideFormClientAction@21f80967
01 фев 2020 22:48:42,753  INFO PausableInvocationsLogger - Invocation [f: Main.MainFormSingle, m: closedPressed, rq: 0] finished
01 фев 2020 22:48:42,753  INFO PausableInvocationsLogger - Releasing request lock for [f: Main.MainFormSingle, m: closedPressed, rq: 0] for request #0
01 фев 2020 22:48:42,753  INFO PausableInvocationsLogger - Released request lock for [f: Main.MainFormSingle, m: closedPressed, rq: 0] for request #0
01 фев 2020 23:02:20,104  INFO PausableInvocationsLogger - Acquiring request lock for [f: navigator, m: executeNavigatorAction, rq: 0] for request #0
01 фев 2020 23:02:20,105  INFO PausableInvocationsLogger - Acquired request lock for [f: navigator, m: executeNavigatorAction, rq: 0] for request #0
01 фев 2020 23:02:20,109  INFO PausableInvocationsLogger - Run invocation: [f: navigator, m: executeNavigatorAction, rq: 0]
01 фев 2020 23:02:20,226  INFO PausableInvocationsLogger - Invocation [f: navigator, m: executeNavigatorAction, rq: 0] finished
01 фев 2020 23:02:20,226  INFO PausableInvocationsLogger - Releasing request lock for [f: navigator, m: executeNavigatorAction, rq: 0] for request #0
01 фев 2020 23:02:20,226  INFO PausableInvocationsLogger - Released request lock for [f: navigator, m: executeNavigatorAction, rq: 0] for request #0
01 фев 2020 23:02:43,919  INFO PausableInvocationsLogger - Acquiring request lock for [f: navigator, m: executeNavigatorAction, rq: 1] for request #1
01 фев 2020 23:02:43,919  INFO PausableInvocationsLogger - Acquired request lock for [f: navigator, m: executeNavigatorAction, rq: 1] for request #1
01 фев 2020 23:02:43,919  INFO PausableInvocationsLogger - Run invocation: [f: navigator, m: executeNavigatorAction, rq: 1]
01 фев 2020 23:02:44,382  INFO PausableInvocationsLogger - Interaction [f: navigator, m: executeNavigatorAction, rq: 1] called delayUserInteraction: FormClientAction[modalitType: DOCKED]
01 фев 2020 23:02:44,382  INFO PausableInvocationsLogger - Invocation [f: navigator, m: executeNavigatorAction, rq: 1] finished
01 фев 2020 23:02:44,382  INFO PausableInvocationsLogger - Releasing request lock for [f: navigator, m: executeNavigatorAction, rq: 1] for request #1
01 фев 2020 23:02:44,382  INFO PausableInvocationsLogger - Released request lock for [f: navigator, m: executeNavigatorAction, rq: 1] for request #1
01 фев 2020 23:02:48,055  INFO PausableInvocationsLogger - Acquiring request lock for [f: navigator, m: executeNavigatorAction, rq: 2] for request #2
01 фев 2020 23:02:48,055  INFO PausableInvocationsLogger - Acquired request lock for [f: navigator, m: executeNavigatorAction, rq: 2] for request #2
01 фев 2020 23:02:48,055  INFO PausableInvocationsLogger - Run invocation: [f: navigator, m: executeNavigatorAction, rq: 2]
01 фев 2020 23:02:48,196  INFO PausableInvocationsLogger - Interaction [f: navigator, m: executeNavigatorAction, rq: 2] called delayUserInteraction: FormClientAction[modalitType: DOCKED]
01 фев 2020 23:02:48,196  INFO PausableInvocationsLogger - Invocation [f: navigator, m: executeNavigatorAction, rq: 2] finished
01 фев 2020 23:02:48,196  INFO PausableInvocationsLogger - Releasing request lock for [f: navigator, m: executeNavigatorAction, rq: 2] for request #2
01 фев 2020 23:02:48,196  INFO PausableInvocationsLogger - Released request lock for [f: navigator, m: executeNavigatorAction, rq: 2] for request #2
01 фев 2020 23:02:54,306  INFO PausableInvocationsLogger - Acquiring request lock for [f: Main.GameGoals, m: gainedFocus, rq: 0] for request #0
01 фев 2020 23:02:54,306  INFO PausableInvocationsLogger - Acquired request lock for [f: Main.GameGoals, m: gainedFocus, rq: 0] for request #0
01 фев 2020 23:02:54,306  INFO PausableInvocationsLogger - Run invocation: [f: Main.GameGoals, m: gainedFocus, rq: 0]
01 фев 2020 23:02:54,313  INFO PausableInvocationsLogger - Invocation [f: Main.GameGoals, m: gainedFocus, rq: 0] finished
01 фев 2020 23:02:54,313  INFO PausableInvocationsLogger - Releasing request lock for [f: Main.GameGoals, m: gainedFocus, rq: 0] for request #0
01 фев 2020 23:02:54,313  INFO PausableInvocationsLogger - Released request lock for [f: Main.GameGoals, m: gainedFocus, rq: 0] for request #0
01 фев 2020 23:03:04,221  INFO PausableInvocationsLogger - Acquiring request lock for [f: Main.BestPlayers, m: gainedFocus, rq: 0] for request #0
01 фев 2020 23:03:04,221  INFO PausableInvocationsLogger - Acquired request lock for [f: Main.BestPlayers, m: gainedFocus, rq: 0] for request #0
01 фев 2020 23:03:04,221  INFO PausableInvocationsLogger - Run invocation: [f: Main.BestPlayers, m: gainedFocus, rq: 0]
01 фев 2020 23:03:04,221  INFO PausableInvocationsLogger - Invocation [f: Main.BestPlayers, m: gainedFocus, rq: 0] finished
01 фев 2020 23:03:04,221  INFO PausableInvocationsLogger - Releasing request lock for [f: Main.BestPlayers, m: gainedFocus, rq: 0] for request #0
01 фев 2020 23:03:04,221  INFO PausableInvocationsLogger - Released request lock for [f: Main.BestPlayers, m: gainedFocus, rq: 0] for request #0
01 фев 2020 23:03:07,284  INFO PausableInvocationsLogger - Acquiring request lock for [f: navigator, m: executeNavigatorAction, rq: 3] for request #3
01 фев 2020 23:03:07,284  INFO PausableInvocationsLogger - Acquired request lock for [f: navigator, m: executeNavigatorAction, rq: 3] for request #3
01 фев 2020 23:03:07,284  INFO PausableInvocationsLogger - Run invocation: [f: navigator, m: executeNavigatorAction, rq: 3]
01 фев 2020 23:03:08,300  INFO PausableInvocationsLogger - Interaction [f: navigator, m: executeNavigatorAction, rq: 3] called delayUserInteraction: FormClientAction[modalitType: DOCKED]
01 фев 2020 23:03:08,300  INFO PausableInvocationsLogger - Invocation [f: navigator, m: executeNavigatorAction, rq: 3] finished
01 фев 2020 23:03:08,300  INFO PausableInvocationsLogger - Releasing request lock for [f: navigator, m: executeNavigatorAction, rq: 3] for request #3
01 фев 2020 23:03:08,300  INFO PausableInvocationsLogger - Released request lock for [f: navigator, m: executeNavigatorAction, rq: 3] for request #3
01 фев 2020 23:03:11,843  INFO PausableInvocationsLogger - Acquiring request lock for [f: navigator, m: executeNavigatorAction, rq: 4] for request #4
01 фев 2020 23:03:11,843  INFO PausableInvocationsLogger - Acquired request lock for [f: navigator, m: executeNavigatorAction, rq: 4] for request #4
01 фев 2020 23:03:11,843  INFO PausableInvocationsLogger - Run invocation: [f: navigator, m: executeNavigatorAction, rq: 4]
01 фев 2020 23:03:11,924  INFO PausableInvocationsLogger - Interaction [f: navigator, m: executeNavigatorAction, rq: 4] called delayUserInteraction: FormClientAction[modalitType: DOCKED]
01 фев 2020 23:03:11,924  INFO PausableInvocationsLogger - Invocation [f: navigator, m: executeNavigatorAction, rq: 4] finished
01 фев 2020 23:03:11,924  INFO PausableInvocationsLogger - Releasing request lock for [f: navigator, m: executeNavigatorAction, rq: 4] for request #4
01 фев 2020 23:03:11,924  INFO PausableInvocationsLogger - Released request lock for [f: navigator, m: executeNavigatorAction, rq: 4] for request #4
01 фев 2020 23:03:14,539  INFO PausableInvocationsLogger - Acquiring request lock for [f: navigator, m: executeNavigatorAction, rq: 5] for request #5
01 фев 2020 23:03:14,539  INFO PausableInvocationsLogger - Acquired request lock for [f: navigator, m: executeNavigatorAction, rq: 5] for request #5
01 фев 2020 23:03:14,539  INFO PausableInvocationsLogger - Run invocation: [f: navigator, m: executeNavigatorAction, rq: 5]
01 фев 2020 23:03:14,618  INFO PausableInvocationsLogger - Interaction [f: navigator, m: executeNavigatorAction, rq: 5] called delayUserInteraction: FormClientAction[modalitType: DOCKED]
01 фев 2020 23:03:14,618  INFO PausableInvocationsLogger - Invocation [f: navigator, m: executeNavigatorAction, rq: 5] finished
01 фев 2020 23:03:14,618  INFO PausableInvocationsLogger - Releasing request lock for [f: navigator, m: executeNavigatorAction, rq: 5] for request #5
01 фев 2020 23:03:14,618  INFO PausableInvocationsLogger - Released request lock for [f: navigator, m: executeNavigatorAction, rq: 5] for request #5
01 фев 2020 23:03:17,622  INFO PausableInvocationsLogger - Acquiring request lock for [f: Main.TeamPlayers, m: closedPressed, rq: 0] for request #0
01 фев 2020 23:03:17,622  INFO PausableInvocationsLogger - Acquired request lock for [f: Main.TeamPlayers, m: closedPressed, rq: 0] for request #0
01 фев 2020 23:03:17,622  INFO PausableInvocationsLogger - Run invocation: [f: Main.TeamPlayers, m: closedPressed, rq: 0]
01 фев 2020 23:03:17,625  INFO PausableInvocationsLogger - Interaction [f: Main.TeamPlayers, m: closedPressed, rq: 0] called delayUserInteraction: lsfusion.interop.action.HideFormClientAction@2775e536
01 фев 2020 23:03:17,625  INFO PausableInvocationsLogger - Invocation [f: Main.TeamPlayers, m: closedPressed, rq: 0] finished
01 фев 2020 23:03:17,625  INFO PausableInvocationsLogger - Releasing request lock for [f: Main.TeamPlayers, m: closedPressed, rq: 0] for request #0
01 фев 2020 23:03:17,634  INFO PausableInvocationsLogger - Released request lock for [f: Main.TeamPlayers, m: closedPressed, rq: 0] for request #0
01 фев 2020 23:03:17,665  INFO PausableInvocationsLogger - Acquiring request lock for [f: Main.GameGoals, m: gainedFocus, rq: 1] for request #1
01 фев 2020 23:03:17,665  INFO PausableInvocationsLogger - Acquired request lock for [f: Main.GameGoals, m: gainedFocus, rq: 1] for request #1
01 фев 2020 23:03:17,665  INFO PausableInvocationsLogger - Run invocation: [f: Main.GameGoals, m: gainedFocus, rq: 1]
01 фев 2020 23:03:17,668  INFO PausableInvocationsLogger - Invocation [f: Main.GameGoals, m: gainedFocus, rq: 1] finished
01 фев 2020 23:03:17,668  INFO PausableInvocationsLogger - Releasing request lock for [f: Main.GameGoals, m: gainedFocus, rq: 1] for request #1
01 фев 2020 23:03:17,669  INFO PausableInvocationsLogger - Released request lock for [f: Main.GameGoals, m: gainedFocus, rq: 1] for request #1
01 фев 2020 23:03:18,836  INFO PausableInvocationsLogger - Acquiring request lock for [f: Main.TeamPlayers, m: closedPressed, rq: 0] for request #0
01 фев 2020 23:03:18,836  INFO PausableInvocationsLogger - Acquired request lock for [f: Main.TeamPlayers, m: closedPressed, rq: 0] for request #0
01 фев 2020 23:03:18,837  INFO PausableInvocationsLogger - Run invocation: [f: Main.TeamPlayers, m: closedPressed, rq: 0]
01 фев 2020 23:03:18,838  INFO PausableInvocationsLogger - Interaction [f: Main.TeamPlayers, m: closedPressed, rq: 0] called delayUserInteraction: lsfusion.interop.action.HideFormClientAction@7c61c623
01 фев 2020 23:03:18,839  INFO PausableInvocationsLogger - Invocation [f: Main.TeamPlayers, m: closedPressed, rq: 0] finished
01 фев 2020 23:03:18,839  INFO PausableInvocationsLogger - Releasing request lock for [f: Main.TeamPlayers, m: closedPressed, rq: 0] for request #0
01 фев 2020 23:03:18,839  INFO PausableInvocationsLogger - Released request lock for [f: Main.TeamPlayers, m: closedPressed, rq: 0] for request #0
01 фев 2020 23:03:20,303  INFO PausableInvocationsLogger - Acquiring request lock for [f: Main.TournamentTable, m: closedPressed, rq: 0] for request #0
01 фев 2020 23:03:20,303  INFO PausableInvocationsLogger - Acquired request lock for [f: Main.TournamentTable, m: closedPressed, rq: 0] for request #0
01 фев 2020 23:03:20,304  INFO PausableInvocationsLogger - Run invocation: [f: Main.TournamentTable, m: closedPressed, rq: 0]
01 фев 2020 23:03:20,306  INFO PausableInvocationsLogger - Interaction [f: Main.TournamentTable, m: closedPressed, rq: 0] called delayUserInteraction: lsfusion.interop.action.HideFormClientAction@e157156
01 фев 2020 23:03:20,306  INFO PausableInvocationsLogger - Invocation [f: Main.TournamentTable, m: closedPressed, rq: 0] finished
01 фев 2020 23:03:20,306  INFO PausableInvocationsLogger - Releasing request lock for [f: Main.TournamentTable, m: closedPressed, rq: 0] for request #0
01 фев 2020 23:03:20,306  INFO PausableInvocationsLogger - Released request lock for [f: Main.TournamentTable, m: closedPressed, rq: 0] for request #0
01 фев 2020 23:03:21,724  INFO PausableInvocationsLogger - Acquiring request lock for [f: Main.BestPlayers, m: closedPressed, rq: 1] for request #1
01 фев 2020 23:03:21,724  INFO PausableInvocationsLogger - Acquired request lock for [f: Main.BestPlayers, m: closedPressed, rq: 1] for request #1
01 фев 2020 23:03:21,724  INFO PausableInvocationsLogger - Run invocation: [f: Main.BestPlayers, m: closedPressed, rq: 1]
01 фев 2020 23:03:21,724  INFO PausableInvocationsLogger - Interaction [f: Main.BestPlayers, m: closedPressed, rq: 1] called delayUserInteraction: lsfusion.interop.action.HideFormClientAction@74d4ac7d
01 фев 2020 23:03:21,725  INFO PausableInvocationsLogger - Invocation [f: Main.BestPlayers, m: closedPressed, rq: 1] finished
01 фев 2020 23:03:21,725  INFO PausableInvocationsLogger - Releasing request lock for [f: Main.BestPlayers, m: closedPressed, rq: 1] for request #1
01 фев 2020 23:03:21,725  INFO PausableInvocationsLogger - Released request lock for [f: Main.BestPlayers, m: closedPressed, rq: 1] for request #1
01 фев 2020 23:03:23,074  INFO PausableInvocationsLogger - Acquiring request lock for [f: Main.GameGoals, m: closedPressed, rq: 2] for request #2
01 фев 2020 23:03:23,074  INFO PausableInvocationsLogger - Acquired request lock for [f: Main.GameGoals, m: closedPressed, rq: 2] for request #2
01 фев 2020 23:03:23,074  INFO PausableInvocationsLogger - Run invocation: [f: Main.GameGoals, m: closedPressed, rq: 2]
01 фев 2020 23:03:23,075  INFO PausableInvocationsLogger - Interaction [f: Main.GameGoals, m: closedPressed, rq: 2] called delayUserInteraction: lsfusion.interop.action.HideFormClientAction@49401db2
01 фев 2020 23:03:23,075  INFO PausableInvocationsLogger - Invocation [f: Main.GameGoals, m: closedPressed, rq: 2] finished
01 фев 2020 23:03:23,075  INFO PausableInvocationsLogger - Releasing request lock for [f: Main.GameGoals, m: closedPressed, rq: 2] for request #2
01 фев 2020 23:03:23,075  INFO PausableInvocationsLogger - Released request lock for [f: Main.GameGoals, m: closedPressed, rq: 2] for request #2
01 фев 2020 23:03:24,798  INFO PausableInvocationsLogger - Acquiring request lock for [f: navigator, m: executeNavigatorAction, rq: 6] for request #6
01 фев 2020 23:03:24,798  INFO PausableInvocationsLogger - Acquired request lock for [f: navigator, m: executeNavigatorAction, rq: 6] for request #6
01 фев 2020 23:03:24,799  INFO PausableInvocationsLogger - Run invocation: [f: navigator, m: executeNavigatorAction, rq: 6]
01 фев 2020 23:03:24,882  INFO PausableInvocationsLogger - Interaction [f: navigator, m: executeNavigatorAction, rq: 6] called delayUserInteraction: FormClientAction[modalitType: DOCKED]
01 фев 2020 23:03:24,882  INFO PausableInvocationsLogger - Invocation [f: navigator, m: executeNavigatorAction, rq: 6] finished
01 фев 2020 23:03:24,882  INFO PausableInvocationsLogger - Releasing request lock for [f: navigator, m: executeNavigatorAction, rq: 6] for request #6
01 фев 2020 23:03:24,883  INFO PausableInvocationsLogger - Released request lock for [f: navigator, m: executeNavigatorAction, rq: 6] for request #6
01 фев 2020 23:03:39,527  INFO PausableInvocationsLogger - Acquiring request lock for [f: navigator, m: executeNavigatorAction, rq: 7] for request #7
01 фев 2020 23:03:39,528  INFO PausableInvocationsLogger - Acquired request lock for [f: navigator, m: executeNavigatorAction, rq: 7] for request #7
01 фев 2020 23:03:39,528  INFO PausableInvocationsLogger - Run invocation: [f: navigator, m: executeNavigatorAction, rq: 7]
01 фев 2020 23:03:39,640  INFO PausableInvocationsLogger - Interaction [f: navigator, m: executeNavigatorAction, rq: 7] called delayUserInteraction: FormClientAction[modalitType: DOCKED]
01 фев 2020 23:03:39,641  INFO PausableInvocationsLogger - Invocation [f: navigator, m: executeNavigatorAction, rq: 7] finished
01 фев 2020 23:03:39,641  INFO PausableInvocationsLogger - Releasing request lock for [f: navigator, m: executeNavigatorAction, rq: 7] for request #7
01 фев 2020 23:03:39,641  INFO PausableInvocationsLogger - Released request lock for [f: navigator, m: executeNavigatorAction, rq: 7] for request #7
01 фев 2020 23:03:43,613  INFO PausableInvocationsLogger - Acquiring request lock for [f: navigator, m: executeNavigatorAction, rq: 8] for request #8
01 фев 2020 23:03:43,614  INFO PausableInvocationsLogger - Acquired request lock for [f: navigator, m: executeNavigatorAction, rq: 8] for request #8
01 фев 2020 23:03:43,614  INFO PausableInvocationsLogger - Run invocation: [f: navigator, m: executeNavigatorAction, rq: 8]
01 фев 2020 23:03:43,693  INFO PausableInvocationsLogger - Interaction [f: navigator, m: executeNavigatorAction, rq: 8] called delayUserInteraction: FormClientAction[modalitType: DOCKED]
01 фев 2020 23:03:43,693  INFO PausableInvocationsLogger - Invocation [f: navigator, m: executeNavigatorAction, rq: 8] finished
01 фев 2020 23:03:43,693  INFO PausableInvocationsLogger - Releasing request lock for [f: navigator, m: executeNavigatorAction, rq: 8] for request #8
01 фев 2020 23:03:43,693  INFO PausableInvocationsLogger - Released request lock for [f: navigator, m: executeNavigatorAction, rq: 8] for request #8
01 фев 2020 23:10:45,028  INFO PausableInvocationsLogger - Acquiring request lock for [f: navigator, m: executeNavigatorAction, rq: 0] for request #0
01 фев 2020 23:10:45,028  INFO PausableInvocationsLogger - Acquired request lock for [f: navigator, m: executeNavigatorAction, rq: 0] for request #0
01 фев 2020 23:10:45,031  INFO PausableInvocationsLogger - Run invocation: [f: navigator, m: executeNavigatorAction, rq: 0]
01 фев 2020 23:10:45,116  INFO PausableInvocationsLogger - Invocation [f: navigator, m: executeNavigatorAction, rq: 0] finished
01 фев 2020 23:10:45,116  INFO PausableInvocationsLogger - Releasing request lock for [f: navigator, m: executeNavigatorAction, rq: 0] for request #0
01 фев 2020 23:10:45,116  INFO PausableInvocationsLogger - Released request lock for [f: navigator, m: executeNavigatorAction, rq: 0] for request #0
01 фев 2020 23:13:11,180  INFO PausableInvocationsLogger - Acquiring request lock for [f: navigator, m: executeNavigatorAction, rq: 1] for request #1
01 фев 2020 23:13:11,180  INFO PausableInvocationsLogger - Acquired request lock for [f: navigator, m: executeNavigatorAction, rq: 1] for request #1
01 фев 2020 23:13:11,180  INFO PausableInvocationsLogger - Run invocation: [f: navigator, m: executeNavigatorAction, rq: 1]
01 фев 2020 23:13:11,474  INFO PausableInvocationsLogger - Interaction [f: navigator, m: executeNavigatorAction, rq: 1] called delayUserInteraction: FormClientAction[modalitType: DOCKED]
01 фев 2020 23:13:11,474  INFO PausableInvocationsLogger - Invocation [f: navigator, m: executeNavigatorAction, rq: 1] finished
01 фев 2020 23:13:11,474  INFO PausableInvocationsLogger - Releasing request lock for [f: navigator, m: executeNavigatorAction, rq: 1] for request #1
01 фев 2020 23:13:11,474  INFO PausableInvocationsLogger - Released request lock for [f: navigator, m: executeNavigatorAction, rq: 1] for request #1
01 фев 2020 23:13:13,394  INFO PausableInvocationsLogger - Acquiring request lock for [f: navigator, m: executeNavigatorAction, rq: 2] for request #2
01 фев 2020 23:13:13,395  INFO PausableInvocationsLogger - Acquired request lock for [f: navigator, m: executeNavigatorAction, rq: 2] for request #2
01 фев 2020 23:13:13,395  INFO PausableInvocationsLogger - Run invocation: [f: navigator, m: executeNavigatorAction, rq: 2]
01 фев 2020 23:13:13,484  INFO PausableInvocationsLogger - Interaction [f: navigator, m: executeNavigatorAction, rq: 2] called delayUserInteraction: FormClientAction[modalitType: DOCKED]
01 фев 2020 23:13:13,484  INFO PausableInvocationsLogger - Invocation [f: navigator, m: executeNavigatorAction, rq: 2] finished
01 фев 2020 23:13:13,484  INFO PausableInvocationsLogger - Releasing request lock for [f: navigator, m: executeNavigatorAction, rq: 2] for request #2
01 фев 2020 23:13:13,484  INFO PausableInvocationsLogger - Released request lock for [f: navigator, m: executeNavigatorAction, rq: 2] for request #2
01 фев 2020 23:13:15,014  INFO PausableInvocationsLogger - Acquiring request lock for [f: navigator, m: executeNavigatorAction, rq: 3] for request #3
01 фев 2020 23:13:15,014  INFO PausableInvocationsLogger - Acquired request lock for [f: navigator, m: executeNavigatorAction, rq: 3] for request #3
01 фев 2020 23:13:15,014  INFO PausableInvocationsLogger - Run invocation: [f: navigator, m: executeNavigatorAction, rq: 3]
01 фев 2020 23:13:15,090  INFO PausableInvocationsLogger - Interaction [f: navigator, m: executeNavigatorAction, rq: 3] called delayUserInteraction: FormClientAction[modalitType: DOCKED]
01 фев 2020 23:13:15,090  INFO PausableInvocationsLogger - Invocation [f: navigator, m: executeNavigatorAction, rq: 3] finished
01 фев 2020 23:13:15,090  INFO PausableInvocationsLogger - Releasing request lock for [f: navigator, m: executeNavigatorAction, rq: 3] for request #3
01 фев 2020 23:13:15,090  INFO PausableInvocationsLogger - Released request lock for [f: navigator, m: executeNavigatorAction, rq: 3] for request #3
01 фев 2020 23:13:18,004  INFO PausableInvocationsLogger - Acquiring request lock for [f: navigator, m: executeNavigatorAction, rq: 4] for request #4
01 фев 2020 23:13:18,005  INFO PausableInvocationsLogger - Acquired request lock for [f: navigator, m: executeNavigatorAction, rq: 4] for request #4
01 фев 2020 23:13:18,005  INFO PausableInvocationsLogger - Run invocation: [f: navigator, m: executeNavigatorAction, rq: 4]
01 фев 2020 23:13:18,087  INFO PausableInvocationsLogger - Interaction [f: navigator, m: executeNavigatorAction, rq: 4] called delayUserInteraction: FormClientAction[modalitType: DOCKED]
01 фев 2020 23:13:18,087  INFO PausableInvocationsLogger - Invocation [f: navigator, m: executeNavigatorAction, rq: 4] finished
01 фев 2020 23:13:18,087  INFO PausableInvocationsLogger - Releasing request lock for [f: navigator, m: executeNavigatorAction, rq: 4] for request #4
01 фев 2020 23:13:18,087  INFO PausableInvocationsLogger - Released request lock for [f: navigator, m: executeNavigatorAction, rq: 4] for request #4
01 фев 2020 23:13:24,074  INFO PausableInvocationsLogger - Acquiring request lock for [f: navigator, m: executeNavigatorAction, rq: 5] for request #5
01 фев 2020 23:13:24,075  INFO PausableInvocationsLogger - Acquired request lock for [f: navigator, m: executeNavigatorAction, rq: 5] for request #5
01 фев 2020 23:13:24,075  INFO PausableInvocationsLogger - Run invocation: [f: navigator, m: executeNavigatorAction, rq: 5]
01 фев 2020 23:13:24,351  INFO PausableInvocationsLogger - Interaction [f: navigator, m: executeNavigatorAction, rq: 5] called delayUserInteraction: FormClientAction[modalitType: DOCKED]
01 фев 2020 23:13:24,351  INFO PausableInvocationsLogger - Invocation [f: navigator, m: executeNavigatorAction, rq: 5] finished
01 фев 2020 23:13:24,351  INFO PausableInvocationsLogger - Releasing request lock for [f: navigator, m: executeNavigatorAction, rq: 5] for request #5
01 фев 2020 23:13:24,351  INFO PausableInvocationsLogger - Released request lock for [f: navigator, m: executeNavigatorAction, rq: 5] for request #5
01 фев 2020 23:13:29,972  INFO PausableInvocationsLogger - Acquiring request lock for [f: navigator, m: executeNavigatorAction, rq: 6] for request #6
01 фев 2020 23:13:29,972  INFO PausableInvocationsLogger - Acquired request lock for [f: navigator, m: executeNavigatorAction, rq: 6] for request #6
01 фев 2020 23:13:29,973  INFO PausableInvocationsLogger - Run invocation: [f: navigator, m: executeNavigatorAction, rq: 6]
01 фев 2020 23:13:30,089  INFO PausableInvocationsLogger - Interaction [f: navigator, m: executeNavigatorAction, rq: 6] called delayUserInteraction: FormClientAction[modalitType: DOCKED]
01 фев 2020 23:13:30,090  INFO PausableInvocationsLogger - Invocation [f: navigator, m: executeNavigatorAction, rq: 6] finished
01 фев 2020 23:13:30,090  INFO PausableInvocationsLogger - Releasing request lock for [f: navigator, m: executeNavigatorAction, rq: 6] for request #6
01 фев 2020 23:13:30,090  INFO PausableInvocationsLogger - Released request lock for [f: navigator, m: executeNavigatorAction, rq: 6] for request #6
01 фев 2020 23:13:32,249  INFO PausableInvocationsLogger - Acquiring request lock for [f: navigator, m: executeNavigatorAction, rq: 7] for request #7
01 фев 2020 23:13:32,249  INFO PausableInvocationsLogger - Acquired request lock for [f: navigator, m: executeNavigatorAction, rq: 7] for request #7
01 фев 2020 23:13:32,249  INFO PausableInvocationsLogger - Run invocation: [f: navigator, m: executeNavigatorAction, rq: 7]
01 фев 2020 23:13:33,106  INFO PausableInvocationsLogger - Interaction [f: navigator, m: executeNavigatorAction, rq: 7] called delayUserInteraction: FormClientAction[modalitType: DOCKED]
01 фев 2020 23:13:33,106  INFO PausableInvocationsLogger - Invocation [f: navigator, m: executeNavigatorAction, rq: 7] finished
01 фев 2020 23:13:33,106  INFO PausableInvocationsLogger - Releasing request lock for [f: navigator, m: executeNavigatorAction, rq: 7] for request #7
01 фев 2020 23:13:33,106  INFO PausableInvocationsLogger - Released request lock for [f: navigator, m: executeNavigatorAction, rq: 7] for request #7
