01 фев 2020 19:59:01,754 system - system - system  INFO RemoteLogger - NAVIGATOR OPEN : RN[clientAddress: 0:0:0:0:0:0:0:1,186 - Authentication.CustomUser 'Обычный пользователь',274300633,SQL@1446581175]
	at lsfusion.base.ExceptionUtils.getStackTrace(ExceptionUtils.java:26)
	at lsfusion.server.physics.admin.log.ServerLoggers.remoteLifeLog(ServerLoggers.java:126)
	at lsfusion.server.logics.navigator.controller.remote.RemoteNavigator.<init>(RemoteNavigator.java:101)
	at lsfusion.server.logics.navigator.controller.manager.NavigatorsManager.createNavigator(NavigatorsManager.java:117)
	at lsfusion.server.logics.controller.remote.RemoteLogics.createNavigator_aroundBody0(RemoteLogics.java:120)
	at lsfusion.server.logics.controller.remote.RemoteLogics$AjcClosure1.run(RemoteLogics.java:1)
	at org.aspectj.runtime.reflect.JoinPointImpl.proceed(JoinPointImpl.java:149)
	at lsfusion.server.base.controller.stack.ExecutionStackAspect.processStackItem(ExecutionStackAspect.java:250)
	at lsfusion.server.base.controller.stack.ExecutionStackAspect.ajc$inlineAccessMethod$lsfusion_server_base_controller_stack_ExecutionStackAspect$lsfusion_server_base_controller_stack_ExecutionStackAspect$processStackItem(ExecutionStackAspect.java:1)
	at lsfusion.server.base.controller.stack.ExecutionStackAspect.execute(ExecutionStackAspect.java:195)
	at lsfusion.server.logics.controller.remote.RemoteLogics.createNavigator_aroundBody2(RemoteLogics.java:116)
	at lsfusion.server.logics.controller.remote.RemoteLogics$AjcClosure3.run(RemoteLogics.java:1)
	at org.aspectj.runtime.reflect.JoinPointImpl.proceed(JoinPointImpl.java:149)
	at lsfusion.server.physics.admin.log.RemoteLoggerAspect.executeRemoteMethod(RemoteLoggerAspect.java:34)
	at lsfusion.server.logics.controller.remote.RemoteLogics.createNavigator_aroundBody4(RemoteLogics.java:116)
	at lsfusion.server.logics.controller.remote.RemoteLogics.createNavigator_aroundBody5$advice(RemoteLogics.java:30)
	at lsfusion.server.logics.controller.remote.RemoteLogics.createNavigator_aroundBody6(RemoteLogics.java:1)
	at lsfusion.server.logics.controller.remote.RemoteLogics.createNavigator_aroundBody7$advice(RemoteLogics.java:47)
	at lsfusion.server.logics.controller.remote.RemoteLogics.createNavigator(RemoteLogics.java:1)
	at sun.reflect.NativeMethodAccessorImpl.invoke0(Native Method)
	at sun.reflect.NativeMethodAccessorImpl.invoke(NativeMethodAccessorImpl.java:62)
	at sun.reflect.DelegatingMethodAccessorImpl.invoke(DelegatingMethodAccessorImpl.java:43)
	at java.lang.reflect.Method.invoke(Method.java:498)
	at sun.rmi.server.UnicastServerRef.dispatch(UnicastServerRef.java:357)
	at sun.rmi.transport.Transport$1.run(Transport.java:200)
	at sun.rmi.transport.Transport$1.run(Transport.java:197)
	at java.security.AccessController.doPrivileged(Native Method)
	at sun.rmi.transport.Transport.serviceCall(Transport.java:196)
	at sun.rmi.transport.tcp.TCPTransport.handleMessages(TCPTransport.java:573)
	at sun.rmi.transport.tcp.TCPTransport$ConnectionHandler.run0(TCPTransport.java:834)
	at sun.rmi.transport.tcp.TCPTransport$ConnectionHandler.lambda$run$0(TCPTransport.java:688)
	at java.security.AccessController.doPrivileged(Native Method)
	at sun.rmi.transport.tcp.TCPTransport$ConnectionHandler.run(TCPTransport.java:687)
	at java.util.concurrent.ThreadPoolExecutor.runWorker(ThreadPoolExecutor.java:1149)
	at java.util.concurrent.ThreadPoolExecutor$Worker.run(ThreadPoolExecutor.java:624)
	at java.lang.Thread.run(Thread.java:748)

01 фев 2020 19:59:06,298 system - 0:0:0:0:0:0:0:1 - 0:0:0:0:0:0:0:1  INFO RemoteLogger - FORM OPEN : FORM[1264851920 - Main.MainFormSingle,RN[clientAddress: 0:0:0:0:0:0:0:1,186 - Authentication.CustomUser 'Обычный пользователь',274300633,SQL@1446581175]]
	at lsfusion.base.ExceptionUtils.getStackTrace(ExceptionUtils.java:26)
	at lsfusion.server.physics.admin.log.ServerLoggers.remoteLifeLog(ServerLoggers.java:126)
	at lsfusion.server.logics.form.interactive.instance.FormInstance.<init>(FormInstance.java:380)
	at lsfusion.server.base.controller.remote.ui.RemoteUIContext.createFormInstance(RemoteUIContext.java:92)
	at lsfusion.server.logics.navigator.controller.context.RemoteNavigatorContext.createFormInstance(RemoteNavigatorContext.java:190)
	at lsfusion.server.base.controller.thread.ThreadLocalContext.createFormInstance(ThreadLocalContext.java:204)
	at lsfusion.server.logics.action.controller.context.ExecutionContext.createFormInstance(ExecutionContext.java:654)
	at lsfusion.server.logics.form.open.interactive.FormInteractiveAction.executeInternal(FormInteractiveAction.java:152)
	at lsfusion.server.logics.form.open.FormAction.executeInternal(FormAction.java:94)
	at lsfusion.server.logics.action.ExplicitAction.aspectExecute(ExplicitAction.java:59)
	at lsfusion.server.logics.action.Action.executeImpl(Action.java:459)
	at lsfusion.server.logics.action.Action.execute_aroundBody18(Action.java:441)
	at lsfusion.server.logics.action.Action$AjcClosure19.run(Action.java:1)
	at org.aspectj.runtime.reflect.JoinPointImpl.proceed(JoinPointImpl.java:149)
	at lsfusion.server.base.controller.stack.ExecutionStackAspect.processStackItem(ExecutionStackAspect.java:250)
	at lsfusion.server.base.controller.stack.ExecutionStackAspect.ajc$inlineAccessMethod$lsfusion_server_base_controller_stack_ExecutionStackAspect$lsfusion_server_base_controller_stack_ExecutionStackAspect$processStackItem(ExecutionStackAspect.java:1)
	at lsfusion.server.base.controller.stack.ExecutionStackAspect.execution(ExecutionStackAspect.java:170)
	at lsfusion.server.logics.action.Action.execute(Action.java:423)
	at lsfusion.server.logics.action.controller.context.ExecutionEnvironment.execute(ExecutionEnvironment.java:64)
	at lsfusion.server.logics.action.Action.execute(Action.java:485)
	at lsfusion.server.language.action.LA.execute(LA.java:62)
	at lsfusion.server.language.action.LA.execute(LA.java:58)
	at lsfusion.server.logics.navigator.controller.remote.RemoteNavigator.runAction(RemoteNavigator.java:525)
	at lsfusion.server.logics.navigator.controller.remote.RemoteNavigator.lambda$1(RemoteNavigator.java:442)
	at lsfusion.server.base.controller.remote.RemoteRequestObject$1.callInvocation(RemoteRequestObject.java:149)
	at lsfusion.server.base.controller.remote.ui.RemotePausableInvocation.runInvocation(RemotePausableInvocation.java:128)
	at lsfusion.server.base.controller.remote.ui.PausableInvocation.lambda$0(PausableInvocation.java:54)
	at java.util.concurrent.Executors$RunnableAdapter.call(Executors.java:511)
	at lsfusion.server.base.controller.thread.ExecutorFactory.lambda$1(ExecutorFactory.java:432)
	at lsfusion.server.base.controller.thread.WrappingExecutorService.lambda$0(WrappingExecutorService.java:35)
	at java.util.concurrent.Executors$RunnableAdapter.call(Executors.java:511)
	at java.util.concurrent.FutureTask.run(FutureTask.java:266)
	at java.util.concurrent.ThreadPoolExecutor.runWorker(ThreadPoolExecutor.java:1149)
	at java.util.concurrent.ThreadPoolExecutor$Worker.run(ThreadPoolExecutor.java:624)
	at java.lang.Thread.run(Thread.java:748)
	at lsfusion.server.base.controller.thread.ExecutorFactory$ClosableDaemonThreadFactory$ClosableThread.run(ExecutorFactory.java:536)

