01 фев 2020 19:58:41,640 system - system - system  INFO SQLHandLogger - TABLE DOES NOT EXIST {}
01 фев 2020 19:58:50,586 system - system - system  INFO SQLHandLogger - TRANSACTION  lsfusion.server.data.sql.exception.SQLConflictException: UPDATE_CONFLICTUPDATE _auto SET Time_currentDate=CAST('2020-02-01 +03' AS date) FROM dumb WHERE 1=1
01 фев 2020 20:08:47,292 system - system - system ERROR SQLHandLogger - SUPPRESSED : ОШИБКА: база данных "lsfusion_tournament" уже существует
	at org.postgresql.core.v3.QueryExecutorImpl.receiveErrorResponse(QueryExecutorImpl.java:2497)
	at org.postgresql.core.v3.QueryExecutorImpl.processResults(QueryExecutorImpl.java:2233)
	at org.postgresql.core.v3.QueryExecutorImpl.execute(QueryExecutorImpl.java:310)
	at org.postgresql.jdbc.PgStatement.executeInternal(PgStatement.java:446)
	at org.postgresql.jdbc.PgStatement.execute(PgStatement.java:370)
	at org.postgresql.jdbc.PgStatement.executeWithFlags(PgStatement.java:311)
	at org.postgresql.jdbc.PgStatement.executeCachedSql(PgStatement.java:297)
	at org.postgresql.jdbc.PgStatement.executeWithFlags(PgStatement.java:274)
	at org.postgresql.jdbc.PgStatement.execute(PgStatement.java:269)
	at lsfusion.server.data.sql.adapter.PostgreDataAdapter.ensureDB(PostgreDataAdapter.java:93)
	at lsfusion.server.data.sql.adapter.DataAdapter.ensure(DataAdapter.java:68)
	at lsfusion.server.physics.exec.db.controller.manager.DBManager.initReflectionEvents(DBManager.java:187)
	at lsfusion.server.physics.admin.reflection.controller.init.InitReflectionEventsTask.run(InitReflectionEventsTask.java:13)
	at lsfusion.server.base.task.Task.proceed(Task.java:143)
	at lsfusion.server.base.task.Task$1.aspectRun(Task.java:101)
	at lsfusion.server.base.controller.thread.ExecutorFactory$AspectRunnable.run(ExecutorFactory.java:465)
	at java.util.concurrent.ThreadPoolExecutor.runWorker(ThreadPoolExecutor.java:1149)
	at java.util.concurrent.ThreadPoolExecutor$Worker.run(ThreadPoolExecutor.java:624)
	at java.lang.Thread.run(Thread.java:748)
	at lsfusion.server.base.controller.thread.ExecutorFactory$ClosableDaemonThreadFactory$ClosableThread.run(ExecutorFactory.java:536)


	at lsfusion.base.ExceptionUtils.getStackTrace(ExceptionUtils.java:26)
	at lsfusion.server.base.controller.stack.ExecutionStackAspect.getExStackTrace(ExecutionStackAspect.java:344)
	at lsfusion.server.physics.admin.log.ServerLoggers.sqlSuppLog(ServerLoggers.java:98)
	at lsfusion.server.data.sql.adapter.PostgreDataAdapter.ensureDB(PostgreDataAdapter.java:95)
	at lsfusion.server.data.sql.adapter.DataAdapter.ensure(DataAdapter.java:68)
	at lsfusion.server.physics.exec.db.controller.manager.DBManager.initReflectionEvents(DBManager.java:187)
	at lsfusion.server.physics.admin.reflection.controller.init.InitReflectionEventsTask.run(InitReflectionEventsTask.java:13)
	at lsfusion.server.base.task.Task.proceed(Task.java:143)
	at lsfusion.server.base.task.Task$1.aspectRun(Task.java:101)
	at lsfusion.server.base.controller.thread.ExecutorFactory$AspectRunnable.run(ExecutorFactory.java:465)
	at java.util.concurrent.ThreadPoolExecutor.runWorker(ThreadPoolExecutor.java:1149)
	at java.util.concurrent.ThreadPoolExecutor$Worker.run(ThreadPoolExecutor.java:624)
	at java.lang.Thread.run(Thread.java:748)
	at lsfusion.server.base.controller.thread.ExecutorFactory$ClosableDaemonThreadFactory$ClosableThread.run(ExecutorFactory.java:536)

01 фев 2020 20:08:57,217 system - system - system  INFO SQLHandLogger -  lsfusion.server.data.sql.exception.SQLTimeoutException: TIMEOUT TIMEOUTINSERT INTO t_10 (k0,p00) SELECT t0.k0 AS jkey0,t1.e0 AS jprop0 FROM (SELECT t0.k0 AS k0,(SELECT jprop0 FROM (SELECT w1t1.k0 AS jkey0,1 AS jprop0 FROM t_11 w1t1 JOIN (SELECT CAST((CAST((w1t1.Reflection_sid_Table || CAST('.' AS varchar(1))) AS varchar(101)) || w1t0.Reflection_sid_TableColumn) AS varchar(201)) AS k0,ANYVALUE(w1t0.key0) AS e0 FROM Reflection_tableColumn w1t0 JOIN Reflection_tables w1t1 ON w1t1.key0=w1t0.Reflection_table_TableColumn WHERE (w1t1.Reflection_sid_Table IS NOT NULL AND w1t0.Reflection_sid_TableColumn IS NOT NULL) GROUP BY 1) w1t0 ON w1t0.k0=w1t1.p20 WHERE w1t0.e0=t0.k0 LIMIT 1) w1w1LEALIAS) AS e0 FROM (SELECT t0.e0 AS k0,ANYVALUE(1) AS e0 FROM (SELECT t0.k0 AS k0,(SELECT jprop0 FROM (SELECT w1t0.key0 AS jkey0,w1t0.key0 AS jprop0 FROM Reflection_tableColumn w1t0 JOIN Reflection_tables w1t1 ON w1t1.key0=w1t0.Reflection_table_TableColumn WHERE CAST((CAST((w1t1.Reflection_sid_Table || CAST('.' AS varchar(1))) AS varchar(101)) || w1t0.Reflection_sid_TableColumn) AS varchar(201))=t0.k0 LIMIT 1) w1w1LEALIAS) AS e0 FROM (SELECT CAST((CAST((t1.Reflection_sid_Table || CAST('.' AS varchar(1))) AS varchar(101)) || t0.Reflection_sid_TableColumn) AS varchar(201)) AS k0,ANYVALUE(1) AS e0 FROM Reflection_tableColumn t0 JOIN Reflection_tables t1 ON t1.key0=t0.Reflection_table_TableColumn WHERE (t1.Reflection_sid_Table IS NOT NULL AND t0.Reflection_sid_TableColumn IS NOT NULL) GROUP BY 1) t0 WHERE t0.e0 IS NOT NULL) t0 WHERE t0.e0 IS NOT NULL GROUP BY 1) t0 WHERE t0.e0 IS NOT NULL) t0 LEFT JOIN (SELECT t0.k0 AS k0,(SELECT jprop0 FROM (SELECT w1t1.k0 AS jkey0,w1t2.e0 AS jprop0 FROM t_11 w1t1 JOIN (SELECT CAST((CAST((w1t1.Reflection_sid_Table || CAST('.' AS varchar(1))) AS varchar(101)) || w1t0.Reflection_sid_TableColumn) AS varchar(201)) AS k0,ANYVALUE(w1t0.key0) AS e0 FROM Reflection_tableColumn w1t0 JOIN Reflection_tables w1t1 ON w1t1.key0=w1t0.Reflection_table_TableColumn WHERE (w1t1.Reflection_sid_Table IS NOT NULL AND w1t0.Reflection_sid_TableColumn IS NOT NULL) GROUP BY 1) w1t0 ON w1t0.k0=w1t1.p20 JOIN (SELECT w1t0.Reflection_sid_Table AS k0,ANYVALUE(w1t0.key0) AS e0 FROM Reflection_tables w1t0 WHERE w1t0.Reflection_sid_Table IS NOT NULL GROUP BY 1) w1t2 ON w1t2.k0=w1t1.p00 WHERE (w1t2.e0 IS NOT NULL AND w1t0.e0=t0.k0) ORDER BY 2 DESC NULLS LAST LIMIT 1) w1w1LEALIAS) AS e0 FROM (SELECT t0.e0 AS k0,ANYVALUE(1) AS e0 FROM (SELECT t0.k0 AS k0,(SELECT jprop0 FROM (SELECT w1t0.key0 AS jkey0,w1t0.key0 AS jprop0 FROM Reflection_tableColumn w1t0 JOIN Reflection_tables w1t1 ON w1t1.key0=w1t0.Reflection_table_TableColumn WHERE CAST((CAST((w1t1.Reflection_sid_Table || CAST('.' AS varchar(1))) AS varchar(101)) || w1t0.Reflection_sid_TableColumn) AS varchar(201))=t0.k0 LIMIT 1) w1w1LEALIAS) AS e0 FROM (SELECT CAST((CAST((t1.Reflection_sid_Table || CAST('.' AS varchar(1))) AS varchar(101)) || t0.Reflection_sid_TableColumn) AS varchar(201)) AS k0,ANYVALUE(1) AS e0 FROM Reflection_tableColumn t0 JOIN Reflection_tables t1 ON t1.key0=t0.Reflection_table_TableColumn WHERE (t1.Reflection_sid_Table IS NOT NULL AND t0.Reflection_sid_TableColumn IS NOT NULL) GROUP BY 1) t0 WHERE t0.e0 IS NOT NULL) t0 WHERE t0.e0 IS NOT NULL GROUP BY 1) t0 WHERE t0.e0 IS NOT NULL) t1 ON t1.k0=t0.k0 JOIN Reflection_tableColumn t2 ON t2.key0=t0.k0 WHERE (t0.e0 IS NOT NULL AND (t2.Reflection_table_TableColumn IS NULL OR t1.e0 IS NULL OR NOT t2.Reflection_table_TableColumn=t1.e0))
01 фев 2020 20:08:59,359 system - system - system  INFO SQLHandLogger -  lsfusion.server.data.sql.exception.SQLTimeoutException: TIMEOUT TIMEOUTINSERT INTO t_5 (k0,p00) SELECT t0.k0 AS jkey0,t0.e0 AS jprop0 FROM (SELECT t0.k0 AS k0,(SELECT jprop0 FROM (SELECT w1t1.k0 AS jkey0,w1t1.p10 AS jprop0 FROM t_11 w1t1 JOIN (SELECT CAST((CAST((w1t1.Reflection_sid_Table || CAST('.' AS varchar(1))) AS varchar(101)) || w1t0.Reflection_sid_TableColumn) AS varchar(201)) AS k0,ANYVALUE(w1t0.key0) AS e0 FROM Reflection_tableColumn w1t0 JOIN Reflection_tables w1t1 ON w1t1.key0=w1t0.Reflection_table_TableColumn WHERE (w1t1.Reflection_sid_Table IS NOT NULL AND w1t0.Reflection_sid_TableColumn IS NOT NULL) GROUP BY 1) w1t0 ON w1t0.k0=w1t1.p20 WHERE (w1t1.p10 IS NOT NULL AND w1t0.e0=t0.k0) ORDER BY 2 DESC NULLS LAST LIMIT 1) w1w1LEALIAS) AS e0,(SELECT jprop0 FROM (SELECT w1t1.k0 AS jkey0,1 AS jprop0 FROM t_11 w1t1 JOIN (SELECT CAST((CAST((w1t1.Reflection_sid_Table || CAST('.' AS varchar(1))) AS varchar(101)) || w1t0.Reflection_sid_TableColumn) AS varchar(201)) AS k0,ANYVALUE(w1t0.key0) AS e0 FROM Reflection_tableColumn w1t0 JOIN Reflection_tables w1t1 ON w1t1.key0=w1t0.Reflection_table_TableColumn WHERE (w1t1.Reflection_sid_Table IS NOT NULL AND w1t0.Reflection_sid_TableColumn IS NOT NULL) GROUP BY 1) w1t0 ON w1t0.k0=w1t1.p20 WHERE w1t0.e0=t0.k0 LIMIT 1) w1w2LEALIAS) AS e1 FROM (SELECT t0.e0 AS k0,ANYVALUE(1) AS e0 FROM (SELECT t0.k0 AS k0,(SELECT jprop0 FROM (SELECT w1t0.key0 AS jkey0,w1t0.key0 AS jprop0 FROM Reflection_tableColumn w1t0 JOIN Reflection_tables w1t1 ON w1t1.key0=w1t0.Reflection_table_TableColumn WHERE CAST((CAST((w1t1.Reflection_sid_Table || CAST('.' AS varchar(1))) AS varchar(101)) || w1t0.Reflection_sid_TableColumn) AS varchar(201))=t0.k0 LIMIT 1) w1w1LEALIAS) AS e0 FROM (SELECT CAST((CAST((t1.Reflection_sid_Table || CAST('.' AS varchar(1))) AS varchar(101)) || t0.Reflection_sid_TableColumn) AS varchar(201)) AS k0,ANYVALUE(1) AS e0 FROM Reflection_tableColumn t0 JOIN Reflection_tables t1 ON t1.key0=t0.Reflection_table_TableColumn WHERE (t1.Reflection_sid_Table IS NOT NULL AND t0.Reflection_sid_TableColumn IS NOT NULL) GROUP BY 1) t0 WHERE t0.e0 IS NOT NULL) t0 WHERE t0.e0 IS NOT NULL GROUP BY 1) t0 WHERE t0.e0 IS NOT NULL) t0 JOIN Reflection_tableColumn t1 ON t1.key0=t0.k0 WHERE (t0.e1 IS NOT NULL AND (t1.Reflection_sid_TableColumn IS NULL OR t0.e0 IS NULL OR NOT t1.Reflection_sid_TableColumn=t0.e0))
01 фев 2020 20:29:06,017 system - system - system ERROR SQLHandLogger - SUPPRESSED : ОШИБКА: база данных "lsfusion_tournament" уже существует
	at org.postgresql.core.v3.QueryExecutorImpl.receiveErrorResponse(QueryExecutorImpl.java:2497)
	at org.postgresql.core.v3.QueryExecutorImpl.processResults(QueryExecutorImpl.java:2233)
	at org.postgresql.core.v3.QueryExecutorImpl.execute(QueryExecutorImpl.java:310)
	at org.postgresql.jdbc.PgStatement.executeInternal(PgStatement.java:446)
	at org.postgresql.jdbc.PgStatement.execute(PgStatement.java:370)
	at org.postgresql.jdbc.PgStatement.executeWithFlags(PgStatement.java:311)
	at org.postgresql.jdbc.PgStatement.executeCachedSql(PgStatement.java:297)
	at org.postgresql.jdbc.PgStatement.executeWithFlags(PgStatement.java:274)
	at org.postgresql.jdbc.PgStatement.execute(PgStatement.java:269)
	at lsfusion.server.data.sql.adapter.PostgreDataAdapter.ensureDB(PostgreDataAdapter.java:93)
	at lsfusion.server.data.sql.adapter.DataAdapter.ensure(DataAdapter.java:68)
	at lsfusion.server.physics.exec.db.controller.manager.DBManager.initReflectionEvents(DBManager.java:187)
	at lsfusion.server.physics.admin.reflection.controller.init.InitReflectionEventsTask.run(InitReflectionEventsTask.java:13)
	at lsfusion.server.base.task.Task.proceed(Task.java:143)
	at lsfusion.server.base.task.Task$1.aspectRun(Task.java:101)
	at lsfusion.server.base.controller.thread.ExecutorFactory$AspectRunnable.run(ExecutorFactory.java:465)
	at java.util.concurrent.ThreadPoolExecutor.runWorker(ThreadPoolExecutor.java:1149)
	at java.util.concurrent.ThreadPoolExecutor$Worker.run(ThreadPoolExecutor.java:624)
	at java.lang.Thread.run(Thread.java:748)
	at lsfusion.server.base.controller.thread.ExecutorFactory$ClosableDaemonThreadFactory$ClosableThread.run(ExecutorFactory.java:536)


	at lsfusion.base.ExceptionUtils.getStackTrace(ExceptionUtils.java:26)
	at lsfusion.server.base.controller.stack.ExecutionStackAspect.getExStackTrace(ExecutionStackAspect.java:344)
	at lsfusion.server.physics.admin.log.ServerLoggers.sqlSuppLog(ServerLoggers.java:98)
	at lsfusion.server.data.sql.adapter.PostgreDataAdapter.ensureDB(PostgreDataAdapter.java:95)
	at lsfusion.server.data.sql.adapter.DataAdapter.ensure(DataAdapter.java:68)
	at lsfusion.server.physics.exec.db.controller.manager.DBManager.initReflectionEvents(DBManager.java:187)
	at lsfusion.server.physics.admin.reflection.controller.init.InitReflectionEventsTask.run(InitReflectionEventsTask.java:13)
	at lsfusion.server.base.task.Task.proceed(Task.java:143)
	at lsfusion.server.base.task.Task$1.aspectRun(Task.java:101)
	at lsfusion.server.base.controller.thread.ExecutorFactory$AspectRunnable.run(ExecutorFactory.java:465)
	at java.util.concurrent.ThreadPoolExecutor.runWorker(ThreadPoolExecutor.java:1149)
	at java.util.concurrent.ThreadPoolExecutor$Worker.run(ThreadPoolExecutor.java:624)
	at java.lang.Thread.run(Thread.java:748)
	at lsfusion.server.base.controller.thread.ExecutorFactory$ClosableDaemonThreadFactory$ClosableThread.run(ExecutorFactory.java:536)

01 фев 2020 20:29:15,292 system - system - system  INFO SQLHandLogger -  lsfusion.server.data.sql.exception.SQLTimeoutException: TIMEOUT TIMEOUTINSERT INTO t_10 (k0,p00) SELECT t0.k0 AS jkey0,t1.e0 AS jprop0 FROM (SELECT t0.k0 AS k0,(SELECT jprop0 FROM (SELECT w1t1.k0 AS jkey0,1 AS jprop0 FROM t_11 w1t1 JOIN (SELECT CAST((CAST((w1t1.Reflection_sid_Table || CAST('.' AS varchar(1))) AS varchar(101)) || w1t0.Reflection_sid_TableColumn) AS varchar(201)) AS k0,ANYVALUE(w1t0.key0) AS e0 FROM Reflection_tableColumn w1t0 JOIN Reflection_tables w1t1 ON w1t1.key0=w1t0.Reflection_table_TableColumn WHERE (w1t1.Reflection_sid_Table IS NOT NULL AND w1t0.Reflection_sid_TableColumn IS NOT NULL) GROUP BY 1) w1t0 ON w1t0.k0=w1t1.p20 WHERE w1t0.e0=t0.k0 LIMIT 1) w1w1LEALIAS) AS e0 FROM (SELECT t0.e0 AS k0,ANYVALUE(1) AS e0 FROM (SELECT t0.k0 AS k0,(SELECT jprop0 FROM (SELECT w1t0.key0 AS jkey0,w1t0.key0 AS jprop0 FROM Reflection_tableColumn w1t0 JOIN Reflection_tables w1t1 ON w1t1.key0=w1t0.Reflection_table_TableColumn WHERE CAST((CAST((w1t1.Reflection_sid_Table || CAST('.' AS varchar(1))) AS varchar(101)) || w1t0.Reflection_sid_TableColumn) AS varchar(201))=t0.k0 LIMIT 1) w1w1LEALIAS) AS e0 FROM (SELECT CAST((CAST((t1.Reflection_sid_Table || CAST('.' AS varchar(1))) AS varchar(101)) || t0.Reflection_sid_TableColumn) AS varchar(201)) AS k0,ANYVALUE(1) AS e0 FROM Reflection_tableColumn t0 JOIN Reflection_tables t1 ON t1.key0=t0.Reflection_table_TableColumn WHERE (t1.Reflection_sid_Table IS NOT NULL AND t0.Reflection_sid_TableColumn IS NOT NULL) GROUP BY 1) t0 WHERE t0.e0 IS NOT NULL) t0 WHERE t0.e0 IS NOT NULL GROUP BY 1) t0 WHERE t0.e0 IS NOT NULL) t0 LEFT JOIN (SELECT t0.k0 AS k0,(SELECT jprop0 FROM (SELECT w1t1.k0 AS jkey0,w1t2.e0 AS jprop0 FROM t_11 w1t1 JOIN (SELECT CAST((CAST((w1t1.Reflection_sid_Table || CAST('.' AS varchar(1))) AS varchar(101)) || w1t0.Reflection_sid_TableColumn) AS varchar(201)) AS k0,ANYVALUE(w1t0.key0) AS e0 FROM Reflection_tableColumn w1t0 JOIN Reflection_tables w1t1 ON w1t1.key0=w1t0.Reflection_table_TableColumn WHERE (w1t1.Reflection_sid_Table IS NOT NULL AND w1t0.Reflection_sid_TableColumn IS NOT NULL) GROUP BY 1) w1t0 ON w1t0.k0=w1t1.p20 JOIN (SELECT w1t0.Reflection_sid_Table AS k0,ANYVALUE(w1t0.key0) AS e0 FROM Reflection_tables w1t0 WHERE w1t0.Reflection_sid_Table IS NOT NULL GROUP BY 1) w1t2 ON w1t2.k0=w1t1.p00 WHERE (w1t2.e0 IS NOT NULL AND w1t0.e0=t0.k0) ORDER BY 2 DESC NULLS LAST LIMIT 1) w1w1LEALIAS) AS e0 FROM (SELECT t0.e0 AS k0,ANYVALUE(1) AS e0 FROM (SELECT t0.k0 AS k0,(SELECT jprop0 FROM (SELECT w1t0.key0 AS jkey0,w1t0.key0 AS jprop0 FROM Reflection_tableColumn w1t0 JOIN Reflection_tables w1t1 ON w1t1.key0=w1t0.Reflection_table_TableColumn WHERE CAST((CAST((w1t1.Reflection_sid_Table || CAST('.' AS varchar(1))) AS varchar(101)) || w1t0.Reflection_sid_TableColumn) AS varchar(201))=t0.k0 LIMIT 1) w1w1LEALIAS) AS e0 FROM (SELECT CAST((CAST((t1.Reflection_sid_Table || CAST('.' AS varchar(1))) AS varchar(101)) || t0.Reflection_sid_TableColumn) AS varchar(201)) AS k0,ANYVALUE(1) AS e0 FROM Reflection_tableColumn t0 JOIN Reflection_tables t1 ON t1.key0=t0.Reflection_table_TableColumn WHERE (t1.Reflection_sid_Table IS NOT NULL AND t0.Reflection_sid_TableColumn IS NOT NULL) GROUP BY 1) t0 WHERE t0.e0 IS NOT NULL) t0 WHERE t0.e0 IS NOT NULL GROUP BY 1) t0 WHERE t0.e0 IS NOT NULL) t1 ON t1.k0=t0.k0 JOIN Reflection_tableColumn t2 ON t2.key0=t0.k0 WHERE (t0.e0 IS NOT NULL AND (t2.Reflection_table_TableColumn IS NULL OR t1.e0 IS NULL OR NOT t2.Reflection_table_TableColumn=t1.e0))
01 фев 2020 20:29:17,431 system - system - system  INFO SQLHandLogger -  lsfusion.server.data.sql.exception.SQLTimeoutException: TIMEOUT TIMEOUTINSERT INTO t_5 (k0,p00) SELECT t0.k0 AS jkey0,t0.e0 AS jprop0 FROM (SELECT t0.k0 AS k0,(SELECT jprop0 FROM (SELECT w1t1.k0 AS jkey0,w1t1.p10 AS jprop0 FROM t_11 w1t1 JOIN (SELECT CAST((CAST((w1t1.Reflection_sid_Table || CAST('.' AS varchar(1))) AS varchar(101)) || w1t0.Reflection_sid_TableColumn) AS varchar(201)) AS k0,ANYVALUE(w1t0.key0) AS e0 FROM Reflection_tableColumn w1t0 JOIN Reflection_tables w1t1 ON w1t1.key0=w1t0.Reflection_table_TableColumn WHERE (w1t1.Reflection_sid_Table IS NOT NULL AND w1t0.Reflection_sid_TableColumn IS NOT NULL) GROUP BY 1) w1t0 ON w1t0.k0=w1t1.p20 WHERE (w1t1.p10 IS NOT NULL AND w1t0.e0=t0.k0) ORDER BY 2 DESC NULLS LAST LIMIT 1) w1w1LEALIAS) AS e0,(SELECT jprop0 FROM (SELECT w1t1.k0 AS jkey0,1 AS jprop0 FROM t_11 w1t1 JOIN (SELECT CAST((CAST((w1t1.Reflection_sid_Table || CAST('.' AS varchar(1))) AS varchar(101)) || w1t0.Reflection_sid_TableColumn) AS varchar(201)) AS k0,ANYVALUE(w1t0.key0) AS e0 FROM Reflection_tableColumn w1t0 JOIN Reflection_tables w1t1 ON w1t1.key0=w1t0.Reflection_table_TableColumn WHERE (w1t1.Reflection_sid_Table IS NOT NULL AND w1t0.Reflection_sid_TableColumn IS NOT NULL) GROUP BY 1) w1t0 ON w1t0.k0=w1t1.p20 WHERE w1t0.e0=t0.k0 LIMIT 1) w1w2LEALIAS) AS e1 FROM (SELECT t0.e0 AS k0,ANYVALUE(1) AS e0 FROM (SELECT t0.k0 AS k0,(SELECT jprop0 FROM (SELECT w1t0.key0 AS jkey0,w1t0.key0 AS jprop0 FROM Reflection_tableColumn w1t0 JOIN Reflection_tables w1t1 ON w1t1.key0=w1t0.Reflection_table_TableColumn WHERE CAST((CAST((w1t1.Reflection_sid_Table || CAST('.' AS varchar(1))) AS varchar(101)) || w1t0.Reflection_sid_TableColumn) AS varchar(201))=t0.k0 LIMIT 1) w1w1LEALIAS) AS e0 FROM (SELECT CAST((CAST((t1.Reflection_sid_Table || CAST('.' AS varchar(1))) AS varchar(101)) || t0.Reflection_sid_TableColumn) AS varchar(201)) AS k0,ANYVALUE(1) AS e0 FROM Reflection_tableColumn t0 JOIN Reflection_tables t1 ON t1.key0=t0.Reflection_table_TableColumn WHERE (t1.Reflection_sid_Table IS NOT NULL AND t0.Reflection_sid_TableColumn IS NOT NULL) GROUP BY 1) t0 WHERE t0.e0 IS NOT NULL) t0 WHERE t0.e0 IS NOT NULL GROUP BY 1) t0 WHERE t0.e0 IS NOT NULL) t0 JOIN Reflection_tableColumn t1 ON t1.key0=t0.k0 WHERE (t0.e1 IS NOT NULL AND (t1.Reflection_sid_TableColumn IS NULL OR t0.e0 IS NULL OR NOT t1.Reflection_sid_TableColumn=t0.e0))
01 фев 2020 22:13:27,847 system - system - system ERROR SQLHandLogger - SUPPRESSED : ОШИБКА: база данных "lsfusion_tournament" уже существует
	at org.postgresql.core.v3.QueryExecutorImpl.receiveErrorResponse(QueryExecutorImpl.java:2497)
	at org.postgresql.core.v3.QueryExecutorImpl.processResults(QueryExecutorImpl.java:2233)
	at org.postgresql.core.v3.QueryExecutorImpl.execute(QueryExecutorImpl.java:310)
	at org.postgresql.jdbc.PgStatement.executeInternal(PgStatement.java:446)
	at org.postgresql.jdbc.PgStatement.execute(PgStatement.java:370)
	at org.postgresql.jdbc.PgStatement.executeWithFlags(PgStatement.java:311)
	at org.postgresql.jdbc.PgStatement.executeCachedSql(PgStatement.java:297)
	at org.postgresql.jdbc.PgStatement.executeWithFlags(PgStatement.java:274)
	at org.postgresql.jdbc.PgStatement.execute(PgStatement.java:269)
	at lsfusion.server.data.sql.adapter.PostgreDataAdapter.ensureDB(PostgreDataAdapter.java:93)
	at lsfusion.server.data.sql.adapter.DataAdapter.ensure(DataAdapter.java:68)
	at lsfusion.server.physics.exec.db.controller.manager.DBManager.initReflectionEvents(DBManager.java:187)
	at lsfusion.server.physics.admin.reflection.controller.init.InitReflectionEventsTask.run(InitReflectionEventsTask.java:13)
	at lsfusion.server.base.task.Task.proceed(Task.java:143)
	at lsfusion.server.base.task.Task$1.aspectRun(Task.java:101)
	at lsfusion.server.base.controller.thread.ExecutorFactory$AspectRunnable.run(ExecutorFactory.java:465)
	at java.util.concurrent.ThreadPoolExecutor.runWorker(ThreadPoolExecutor.java:1149)
	at java.util.concurrent.ThreadPoolExecutor$Worker.run(ThreadPoolExecutor.java:624)
	at java.lang.Thread.run(Thread.java:748)
	at lsfusion.server.base.controller.thread.ExecutorFactory$ClosableDaemonThreadFactory$ClosableThread.run(ExecutorFactory.java:536)


	at lsfusion.base.ExceptionUtils.getStackTrace(ExceptionUtils.java:26)
	at lsfusion.server.base.controller.stack.ExecutionStackAspect.getExStackTrace(ExecutionStackAspect.java:344)
	at lsfusion.server.physics.admin.log.ServerLoggers.sqlSuppLog(ServerLoggers.java:98)
	at lsfusion.server.data.sql.adapter.PostgreDataAdapter.ensureDB(PostgreDataAdapter.java:95)
	at lsfusion.server.data.sql.adapter.DataAdapter.ensure(DataAdapter.java:68)
	at lsfusion.server.physics.exec.db.controller.manager.DBManager.initReflectionEvents(DBManager.java:187)
	at lsfusion.server.physics.admin.reflection.controller.init.InitReflectionEventsTask.run(InitReflectionEventsTask.java:13)
	at lsfusion.server.base.task.Task.proceed(Task.java:143)
	at lsfusion.server.base.task.Task$1.aspectRun(Task.java:101)
	at lsfusion.server.base.controller.thread.ExecutorFactory$AspectRunnable.run(ExecutorFactory.java:465)
	at java.util.concurrent.ThreadPoolExecutor.runWorker(ThreadPoolExecutor.java:1149)
	at java.util.concurrent.ThreadPoolExecutor$Worker.run(ThreadPoolExecutor.java:624)
	at java.lang.Thread.run(Thread.java:748)
	at lsfusion.server.base.controller.thread.ExecutorFactory$ClosableDaemonThreadFactory$ClosableThread.run(ExecutorFactory.java:536)

01 фев 2020 22:13:49,396 system - system - system  INFO SQLHandLogger -  lsfusion.server.data.sql.exception.SQLTimeoutException: TIMEOUT TIMEOUTINSERT INTO t_10 (k0,p00) SELECT t0.k0 AS jkey0,t1.e0 AS jprop0 FROM (SELECT t0.k0 AS k0,(SELECT jprop0 FROM (SELECT w1t1.k0 AS jkey0,1 AS jprop0 FROM t_11 w1t1 JOIN (SELECT CAST((CAST((w1t1.Reflection_sid_Table || CAST('.' AS varchar(1))) AS varchar(101)) || w1t0.Reflection_sid_TableColumn) AS varchar(201)) AS k0,ANYVALUE(w1t0.key0) AS e0 FROM Reflection_tableColumn w1t0 JOIN Reflection_tables w1t1 ON w1t1.key0=w1t0.Reflection_table_TableColumn WHERE (w1t1.Reflection_sid_Table IS NOT NULL AND w1t0.Reflection_sid_TableColumn IS NOT NULL) GROUP BY 1) w1t0 ON w1t0.k0=w1t1.p20 WHERE w1t0.e0=t0.k0 LIMIT 1) w1w1LEALIAS) AS e0 FROM (SELECT t0.e0 AS k0,ANYVALUE(1) AS e0 FROM (SELECT t0.k0 AS k0,(SELECT jprop0 FROM (SELECT w1t0.key0 AS jkey0,w1t0.key0 AS jprop0 FROM Reflection_tableColumn w1t0 JOIN Reflection_tables w1t1 ON w1t1.key0=w1t0.Reflection_table_TableColumn WHERE CAST((CAST((w1t1.Reflection_sid_Table || CAST('.' AS varchar(1))) AS varchar(101)) || w1t0.Reflection_sid_TableColumn) AS varchar(201))=t0.k0 LIMIT 1) w1w1LEALIAS) AS e0 FROM (SELECT CAST((CAST((t1.Reflection_sid_Table || CAST('.' AS varchar(1))) AS varchar(101)) || t0.Reflection_sid_TableColumn) AS varchar(201)) AS k0,ANYVALUE(1) AS e0 FROM Reflection_tableColumn t0 JOIN Reflection_tables t1 ON t1.key0=t0.Reflection_table_TableColumn WHERE (t1.Reflection_sid_Table IS NOT NULL AND t0.Reflection_sid_TableColumn IS NOT NULL) GROUP BY 1) t0 WHERE t0.e0 IS NOT NULL) t0 WHERE t0.e0 IS NOT NULL GROUP BY 1) t0 WHERE t0.e0 IS NOT NULL) t0 LEFT JOIN (SELECT t0.k0 AS k0,(SELECT jprop0 FROM (SELECT w1t1.k0 AS jkey0,w1t2.e0 AS jprop0 FROM t_11 w1t1 JOIN (SELECT CAST((CAST((w1t1.Reflection_sid_Table || CAST('.' AS varchar(1))) AS varchar(101)) || w1t0.Reflection_sid_TableColumn) AS varchar(201)) AS k0,ANYVALUE(w1t0.key0) AS e0 FROM Reflection_tableColumn w1t0 JOIN Reflection_tables w1t1 ON w1t1.key0=w1t0.Reflection_table_TableColumn WHERE (w1t1.Reflection_sid_Table IS NOT NULL AND w1t0.Reflection_sid_TableColumn IS NOT NULL) GROUP BY 1) w1t0 ON w1t0.k0=w1t1.p20 JOIN (SELECT w1t0.Reflection_sid_Table AS k0,ANYVALUE(w1t0.key0) AS e0 FROM Reflection_tables w1t0 WHERE w1t0.Reflection_sid_Table IS NOT NULL GROUP BY 1) w1t2 ON w1t2.k0=w1t1.p00 WHERE (w1t2.e0 IS NOT NULL AND w1t0.e0=t0.k0) ORDER BY 2 DESC NULLS LAST LIMIT 1) w1w1LEALIAS) AS e0 FROM (SELECT t0.e0 AS k0,ANYVALUE(1) AS e0 FROM (SELECT t0.k0 AS k0,(SELECT jprop0 FROM (SELECT w1t0.key0 AS jkey0,w1t0.key0 AS jprop0 FROM Reflection_tableColumn w1t0 JOIN Reflection_tables w1t1 ON w1t1.key0=w1t0.Reflection_table_TableColumn WHERE CAST((CAST((w1t1.Reflection_sid_Table || CAST('.' AS varchar(1))) AS varchar(101)) || w1t0.Reflection_sid_TableColumn) AS varchar(201))=t0.k0 LIMIT 1) w1w1LEALIAS) AS e0 FROM (SELECT CAST((CAST((t1.Reflection_sid_Table || CAST('.' AS varchar(1))) AS varchar(101)) || t0.Reflection_sid_TableColumn) AS varchar(201)) AS k0,ANYVALUE(1) AS e0 FROM Reflection_tableColumn t0 JOIN Reflection_tables t1 ON t1.key0=t0.Reflection_table_TableColumn WHERE (t1.Reflection_sid_Table IS NOT NULL AND t0.Reflection_sid_TableColumn IS NOT NULL) GROUP BY 1) t0 WHERE t0.e0 IS NOT NULL) t0 WHERE t0.e0 IS NOT NULL GROUP BY 1) t0 WHERE t0.e0 IS NOT NULL) t1 ON t1.k0=t0.k0 JOIN Reflection_tableColumn t2 ON t2.key0=t0.k0 WHERE (t0.e0 IS NOT NULL AND (t2.Reflection_table_TableColumn IS NULL OR t1.e0 IS NULL OR NOT t2.Reflection_table_TableColumn=t1.e0))
01 фев 2020 22:13:53,468 system - system - system  INFO SQLHandLogger -  lsfusion.server.data.sql.exception.SQLTimeoutException: TIMEOUT TIMEOUTINSERT INTO t_5 (k0,p00) SELECT t0.k0 AS jkey0,t0.e0 AS jprop0 FROM (SELECT t0.k0 AS k0,(SELECT jprop0 FROM (SELECT w1t1.k0 AS jkey0,w1t1.p10 AS jprop0 FROM t_11 w1t1 JOIN (SELECT CAST((CAST((w1t1.Reflection_sid_Table || CAST('.' AS varchar(1))) AS varchar(101)) || w1t0.Reflection_sid_TableColumn) AS varchar(201)) AS k0,ANYVALUE(w1t0.key0) AS e0 FROM Reflection_tableColumn w1t0 JOIN Reflection_tables w1t1 ON w1t1.key0=w1t0.Reflection_table_TableColumn WHERE (w1t1.Reflection_sid_Table IS NOT NULL AND w1t0.Reflection_sid_TableColumn IS NOT NULL) GROUP BY 1) w1t0 ON w1t0.k0=w1t1.p20 WHERE (w1t1.p10 IS NOT NULL AND w1t0.e0=t0.k0) ORDER BY 2 DESC NULLS LAST LIMIT 1) w1w1LEALIAS) AS e0,(SELECT jprop0 FROM (SELECT w1t1.k0 AS jkey0,1 AS jprop0 FROM t_11 w1t1 JOIN (SELECT CAST((CAST((w1t1.Reflection_sid_Table || CAST('.' AS varchar(1))) AS varchar(101)) || w1t0.Reflection_sid_TableColumn) AS varchar(201)) AS k0,ANYVALUE(w1t0.key0) AS e0 FROM Reflection_tableColumn w1t0 JOIN Reflection_tables w1t1 ON w1t1.key0=w1t0.Reflection_table_TableColumn WHERE (w1t1.Reflection_sid_Table IS NOT NULL AND w1t0.Reflection_sid_TableColumn IS NOT NULL) GROUP BY 1) w1t0 ON w1t0.k0=w1t1.p20 WHERE w1t0.e0=t0.k0 LIMIT 1) w1w2LEALIAS) AS e1 FROM (SELECT t0.e0 AS k0,ANYVALUE(1) AS e0 FROM (SELECT t0.k0 AS k0,(SELECT jprop0 FROM (SELECT w1t0.key0 AS jkey0,w1t0.key0 AS jprop0 FROM Reflection_tableColumn w1t0 JOIN Reflection_tables w1t1 ON w1t1.key0=w1t0.Reflection_table_TableColumn WHERE CAST((CAST((w1t1.Reflection_sid_Table || CAST('.' AS varchar(1))) AS varchar(101)) || w1t0.Reflection_sid_TableColumn) AS varchar(201))=t0.k0 LIMIT 1) w1w1LEALIAS) AS e0 FROM (SELECT CAST((CAST((t1.Reflection_sid_Table || CAST('.' AS varchar(1))) AS varchar(101)) || t0.Reflection_sid_TableColumn) AS varchar(201)) AS k0,ANYVALUE(1) AS e0 FROM Reflection_tableColumn t0 JOIN Reflection_tables t1 ON t1.key0=t0.Reflection_table_TableColumn WHERE (t1.Reflection_sid_Table IS NOT NULL AND t0.Reflection_sid_TableColumn IS NOT NULL) GROUP BY 1) t0 WHERE t0.e0 IS NOT NULL) t0 WHERE t0.e0 IS NOT NULL GROUP BY 1) t0 WHERE t0.e0 IS NOT NULL) t0 JOIN Reflection_tableColumn t1 ON t1.key0=t0.k0 WHERE (t0.e1 IS NOT NULL AND (t1.Reflection_sid_TableColumn IS NULL OR t0.e0 IS NULL OR NOT t1.Reflection_sid_TableColumn=t0.e0))
01 фев 2020 22:18:04,813 system - system - system ERROR SQLHandLogger - SUPPRESSED : ОШИБКА: база данных "lsfusion_tournament" уже существует
	at org.postgresql.core.v3.QueryExecutorImpl.receiveErrorResponse(QueryExecutorImpl.java:2497)
	at org.postgresql.core.v3.QueryExecutorImpl.processResults(QueryExecutorImpl.java:2233)
	at org.postgresql.core.v3.QueryExecutorImpl.execute(QueryExecutorImpl.java:310)
	at org.postgresql.jdbc.PgStatement.executeInternal(PgStatement.java:446)
	at org.postgresql.jdbc.PgStatement.execute(PgStatement.java:370)
	at org.postgresql.jdbc.PgStatement.executeWithFlags(PgStatement.java:311)
	at org.postgresql.jdbc.PgStatement.executeCachedSql(PgStatement.java:297)
	at org.postgresql.jdbc.PgStatement.executeWithFlags(PgStatement.java:274)
	at org.postgresql.jdbc.PgStatement.execute(PgStatement.java:269)
	at lsfusion.server.data.sql.adapter.PostgreDataAdapter.ensureDB(PostgreDataAdapter.java:93)
	at lsfusion.server.data.sql.adapter.DataAdapter.ensure(DataAdapter.java:68)
	at lsfusion.server.physics.exec.db.controller.manager.DBManager.initReflectionEvents(DBManager.java:187)
	at lsfusion.server.physics.admin.reflection.controller.init.InitReflectionEventsTask.run(InitReflectionEventsTask.java:13)
	at lsfusion.server.base.task.Task.proceed(Task.java:143)
	at lsfusion.server.base.task.Task$1.aspectRun(Task.java:101)
	at lsfusion.server.base.controller.thread.ExecutorFactory$AspectRunnable.run(ExecutorFactory.java:465)
	at java.util.concurrent.ThreadPoolExecutor.runWorker(ThreadPoolExecutor.java:1149)
	at java.util.concurrent.ThreadPoolExecutor$Worker.run(ThreadPoolExecutor.java:624)
	at java.lang.Thread.run(Thread.java:748)
	at lsfusion.server.base.controller.thread.ExecutorFactory$ClosableDaemonThreadFactory$ClosableThread.run(ExecutorFactory.java:536)


	at lsfusion.base.ExceptionUtils.getStackTrace(ExceptionUtils.java:26)
	at lsfusion.server.base.controller.stack.ExecutionStackAspect.getExStackTrace(ExecutionStackAspect.java:344)
	at lsfusion.server.physics.admin.log.ServerLoggers.sqlSuppLog(ServerLoggers.java:98)
	at lsfusion.server.data.sql.adapter.PostgreDataAdapter.ensureDB(PostgreDataAdapter.java:95)
	at lsfusion.server.data.sql.adapter.DataAdapter.ensure(DataAdapter.java:68)
	at lsfusion.server.physics.exec.db.controller.manager.DBManager.initReflectionEvents(DBManager.java:187)
	at lsfusion.server.physics.admin.reflection.controller.init.InitReflectionEventsTask.run(InitReflectionEventsTask.java:13)
	at lsfusion.server.base.task.Task.proceed(Task.java:143)
	at lsfusion.server.base.task.Task$1.aspectRun(Task.java:101)
	at lsfusion.server.base.controller.thread.ExecutorFactory$AspectRunnable.run(ExecutorFactory.java:465)
	at java.util.concurrent.ThreadPoolExecutor.runWorker(ThreadPoolExecutor.java:1149)
	at java.util.concurrent.ThreadPoolExecutor$Worker.run(ThreadPoolExecutor.java:624)
	at java.lang.Thread.run(Thread.java:748)
	at lsfusion.server.base.controller.thread.ExecutorFactory$ClosableDaemonThreadFactory$ClosableThread.run(ExecutorFactory.java:536)

01 фев 2020 22:18:27,278 system - system - system  INFO SQLHandLogger -  lsfusion.server.data.sql.exception.SQLTimeoutException: TIMEOUT TIMEOUTINSERT INTO t_11 (k0,p00) SELECT t0.k0 AS jkey0,t1.e0 AS jprop0 FROM (SELECT t0.k0 AS k0,(SELECT jprop0 FROM (SELECT w1t1.k0 AS jkey0,1 AS jprop0 FROM t_12 w1t1 JOIN (SELECT CAST((CAST((w1t1.Reflection_sid_Table || CAST('.' AS varchar(1))) AS varchar(101)) || w1t0.Reflection_sid_TableColumn) AS varchar(201)) AS k0,ANYVALUE(w1t0.key0) AS e0 FROM Reflection_tableColumn w1t0 JOIN Reflection_tables w1t1 ON w1t1.key0=w1t0.Reflection_table_TableColumn WHERE (w1t1.Reflection_sid_Table IS NOT NULL AND w1t0.Reflection_sid_TableColumn IS NOT NULL) GROUP BY 1) w1t0 ON w1t0.k0=w1t1.p20 WHERE w1t0.e0=t0.k0 LIMIT 1) w1w1LEALIAS) AS e0 FROM (SELECT t0.e0 AS k0,ANYVALUE(1) AS e0 FROM (SELECT t0.k0 AS k0,(SELECT jprop0 FROM (SELECT w1t0.key0 AS jkey0,w1t0.key0 AS jprop0 FROM Reflection_tableColumn w1t0 JOIN Reflection_tables w1t1 ON w1t1.key0=w1t0.Reflection_table_TableColumn WHERE CAST((CAST((w1t1.Reflection_sid_Table || CAST('.' AS varchar(1))) AS varchar(101)) || w1t0.Reflection_sid_TableColumn) AS varchar(201))=t0.k0 LIMIT 1) w1w1LEALIAS) AS e0 FROM (SELECT CAST((CAST((t1.Reflection_sid_Table || CAST('.' AS varchar(1))) AS varchar(101)) || t0.Reflection_sid_TableColumn) AS varchar(201)) AS k0,ANYVALUE(1) AS e0 FROM Reflection_tableColumn t0 JOIN Reflection_tables t1 ON t1.key0=t0.Reflection_table_TableColumn WHERE (t1.Reflection_sid_Table IS NOT NULL AND t0.Reflection_sid_TableColumn IS NOT NULL) GROUP BY 1) t0 WHERE t0.e0 IS NOT NULL) t0 WHERE t0.e0 IS NOT NULL GROUP BY 1) t0 WHERE t0.e0 IS NOT NULL) t0 LEFT JOIN (SELECT t0.k0 AS k0,(SELECT jprop0 FROM (SELECT w1t1.k0 AS jkey0,w1t2.e0 AS jprop0 FROM t_12 w1t1 JOIN (SELECT CAST((CAST((w1t1.Reflection_sid_Table || CAST('.' AS varchar(1))) AS varchar(101)) || w1t0.Reflection_sid_TableColumn) AS varchar(201)) AS k0,ANYVALUE(w1t0.key0) AS e0 FROM Reflection_tableColumn w1t0 JOIN Reflection_tables w1t1 ON w1t1.key0=w1t0.Reflection_table_TableColumn WHERE (w1t1.Reflection_sid_Table IS NOT NULL AND w1t0.Reflection_sid_TableColumn IS NOT NULL) GROUP BY 1) w1t0 ON w1t0.k0=w1t1.p20 JOIN (SELECT w1t0.Reflection_sid_Table AS k0,ANYVALUE(w1t0.key0) AS e0 FROM Reflection_tables w1t0 WHERE w1t0.Reflection_sid_Table IS NOT NULL GROUP BY 1) w1t2 ON w1t2.k0=w1t1.p00 WHERE (w1t2.e0 IS NOT NULL AND w1t0.e0=t0.k0) ORDER BY 2 DESC NULLS LAST LIMIT 1) w1w1LEALIAS) AS e0 FROM (SELECT t0.e0 AS k0,ANYVALUE(1) AS e0 FROM (SELECT t0.k0 AS k0,(SELECT jprop0 FROM (SELECT w1t0.key0 AS jkey0,w1t0.key0 AS jprop0 FROM Reflection_tableColumn w1t0 JOIN Reflection_tables w1t1 ON w1t1.key0=w1t0.Reflection_table_TableColumn WHERE CAST((CAST((w1t1.Reflection_sid_Table || CAST('.' AS varchar(1))) AS varchar(101)) || w1t0.Reflection_sid_TableColumn) AS varchar(201))=t0.k0 LIMIT 1) w1w1LEALIAS) AS e0 FROM (SELECT CAST((CAST((t1.Reflection_sid_Table || CAST('.' AS varchar(1))) AS varchar(101)) || t0.Reflection_sid_TableColumn) AS varchar(201)) AS k0,ANYVALUE(1) AS e0 FROM Reflection_tableColumn t0 JOIN Reflection_tables t1 ON t1.key0=t0.Reflection_table_TableColumn WHERE (t1.Reflection_sid_Table IS NOT NULL AND t0.Reflection_sid_TableColumn IS NOT NULL) GROUP BY 1) t0 WHERE t0.e0 IS NOT NULL) t0 WHERE t0.e0 IS NOT NULL GROUP BY 1) t0 WHERE t0.e0 IS NOT NULL) t1 ON t1.k0=t0.k0 JOIN Reflection_tableColumn t2 ON t2.key0=t0.k0 WHERE (t0.e0 IS NOT NULL AND (t2.Reflection_table_TableColumn IS NULL OR t1.e0 IS NULL OR NOT t2.Reflection_table_TableColumn=t1.e0))
01 фев 2020 22:18:31,384 system - system - system  INFO SQLHandLogger -  lsfusion.server.data.sql.exception.SQLTimeoutException: TIMEOUT TIMEOUTINSERT INTO t_3 (k0,p00) SELECT t0.k0 AS jkey0,t0.e0 AS jprop0 FROM (SELECT t0.k0 AS k0,(SELECT jprop0 FROM (SELECT w1t1.k0 AS jkey0,w1t1.p10 AS jprop0 FROM t_12 w1t1 JOIN (SELECT CAST((CAST((w1t1.Reflection_sid_Table || CAST('.' AS varchar(1))) AS varchar(101)) || w1t0.Reflection_sid_TableColumn) AS varchar(201)) AS k0,ANYVALUE(w1t0.key0) AS e0 FROM Reflection_tableColumn w1t0 JOIN Reflection_tables w1t1 ON w1t1.key0=w1t0.Reflection_table_TableColumn WHERE (w1t1.Reflection_sid_Table IS NOT NULL AND w1t0.Reflection_sid_TableColumn IS NOT NULL) GROUP BY 1) w1t0 ON w1t0.k0=w1t1.p20 WHERE (w1t1.p10 IS NOT NULL AND w1t0.e0=t0.k0) ORDER BY 2 DESC NULLS LAST LIMIT 1) w1w1LEALIAS) AS e0,(SELECT jprop0 FROM (SELECT w1t1.k0 AS jkey0,1 AS jprop0 FROM t_12 w1t1 JOIN (SELECT CAST((CAST((w1t1.Reflection_sid_Table || CAST('.' AS varchar(1))) AS varchar(101)) || w1t0.Reflection_sid_TableColumn) AS varchar(201)) AS k0,ANYVALUE(w1t0.key0) AS e0 FROM Reflection_tableColumn w1t0 JOIN Reflection_tables w1t1 ON w1t1.key0=w1t0.Reflection_table_TableColumn WHERE (w1t1.Reflection_sid_Table IS NOT NULL AND w1t0.Reflection_sid_TableColumn IS NOT NULL) GROUP BY 1) w1t0 ON w1t0.k0=w1t1.p20 WHERE w1t0.e0=t0.k0 LIMIT 1) w1w2LEALIAS) AS e1 FROM (SELECT t0.e0 AS k0,ANYVALUE(1) AS e0 FROM (SELECT t0.k0 AS k0,(SELECT jprop0 FROM (SELECT w1t0.key0 AS jkey0,w1t0.key0 AS jprop0 FROM Reflection_tableColumn w1t0 JOIN Reflection_tables w1t1 ON w1t1.key0=w1t0.Reflection_table_TableColumn WHERE CAST((CAST((w1t1.Reflection_sid_Table || CAST('.' AS varchar(1))) AS varchar(101)) || w1t0.Reflection_sid_TableColumn) AS varchar(201))=t0.k0 LIMIT 1) w1w1LEALIAS) AS e0 FROM (SELECT CAST((CAST((t1.Reflection_sid_Table || CAST('.' AS varchar(1))) AS varchar(101)) || t0.Reflection_sid_TableColumn) AS varchar(201)) AS k0,ANYVALUE(1) AS e0 FROM Reflection_tableColumn t0 JOIN Reflection_tables t1 ON t1.key0=t0.Reflection_table_TableColumn WHERE (t1.Reflection_sid_Table IS NOT NULL AND t0.Reflection_sid_TableColumn IS NOT NULL) GROUP BY 1) t0 WHERE t0.e0 IS NOT NULL) t0 WHERE t0.e0 IS NOT NULL GROUP BY 1) t0 WHERE t0.e0 IS NOT NULL) t0 JOIN Reflection_tableColumn t1 ON t1.key0=t0.k0 WHERE (t0.e1 IS NOT NULL AND (t1.Reflection_sid_TableColumn IS NULL OR t0.e0 IS NULL OR NOT t1.Reflection_sid_TableColumn=t0.e0))
01 фев 2020 23:02:02,539 system - system - system ERROR SQLHandLogger - SUPPRESSED : ОШИБКА: база данных "lsfusion_tournament" уже существует
	at org.postgresql.core.v3.QueryExecutorImpl.receiveErrorResponse(QueryExecutorImpl.java:2497)
	at org.postgresql.core.v3.QueryExecutorImpl.processResults(QueryExecutorImpl.java:2233)
	at org.postgresql.core.v3.QueryExecutorImpl.execute(QueryExecutorImpl.java:310)
	at org.postgresql.jdbc.PgStatement.executeInternal(PgStatement.java:446)
	at org.postgresql.jdbc.PgStatement.execute(PgStatement.java:370)
	at org.postgresql.jdbc.PgStatement.executeWithFlags(PgStatement.java:311)
	at org.postgresql.jdbc.PgStatement.executeCachedSql(PgStatement.java:297)
	at org.postgresql.jdbc.PgStatement.executeWithFlags(PgStatement.java:274)
	at org.postgresql.jdbc.PgStatement.execute(PgStatement.java:269)
	at lsfusion.server.data.sql.adapter.PostgreDataAdapter.ensureDB(PostgreDataAdapter.java:93)
	at lsfusion.server.data.sql.adapter.DataAdapter.ensure(DataAdapter.java:68)
	at lsfusion.server.physics.exec.db.controller.manager.DBManager.initReflectionEvents(DBManager.java:187)
	at lsfusion.server.physics.admin.reflection.controller.init.InitReflectionEventsTask.run(InitReflectionEventsTask.java:13)
	at lsfusion.server.base.task.Task.proceed(Task.java:143)
	at lsfusion.server.base.task.Task$1.aspectRun(Task.java:101)
	at lsfusion.server.base.controller.thread.ExecutorFactory$AspectRunnable.run(ExecutorFactory.java:465)
	at java.util.concurrent.ThreadPoolExecutor.runWorker(ThreadPoolExecutor.java:1149)
	at java.util.concurrent.ThreadPoolExecutor$Worker.run(ThreadPoolExecutor.java:624)
	at java.lang.Thread.run(Thread.java:748)
	at lsfusion.server.base.controller.thread.ExecutorFactory$ClosableDaemonThreadFactory$ClosableThread.run(ExecutorFactory.java:536)


	at lsfusion.base.ExceptionUtils.getStackTrace(ExceptionUtils.java:26)
	at lsfusion.server.base.controller.stack.ExecutionStackAspect.getExStackTrace(ExecutionStackAspect.java:344)
	at lsfusion.server.physics.admin.log.ServerLoggers.sqlSuppLog(ServerLoggers.java:98)
	at lsfusion.server.data.sql.adapter.PostgreDataAdapter.ensureDB(PostgreDataAdapter.java:95)
	at lsfusion.server.data.sql.adapter.DataAdapter.ensure(DataAdapter.java:68)
	at lsfusion.server.physics.exec.db.controller.manager.DBManager.initReflectionEvents(DBManager.java:187)
	at lsfusion.server.physics.admin.reflection.controller.init.InitReflectionEventsTask.run(InitReflectionEventsTask.java:13)
	at lsfusion.server.base.task.Task.proceed(Task.java:143)
	at lsfusion.server.base.task.Task$1.aspectRun(Task.java:101)
	at lsfusion.server.base.controller.thread.ExecutorFactory$AspectRunnable.run(ExecutorFactory.java:465)
	at java.util.concurrent.ThreadPoolExecutor.runWorker(ThreadPoolExecutor.java:1149)
	at java.util.concurrent.ThreadPoolExecutor$Worker.run(ThreadPoolExecutor.java:624)
	at java.lang.Thread.run(Thread.java:748)
	at lsfusion.server.base.controller.thread.ExecutorFactory$ClosableDaemonThreadFactory$ClosableThread.run(ExecutorFactory.java:536)

01 фев 2020 23:02:28,345 system - system - system  INFO SQLHandLogger -  lsfusion.server.data.sql.exception.SQLTimeoutException: TIMEOUT TIMEOUTINSERT INTO t_11 (k0,p00) SELECT t0.k0 AS jkey0,t1.e0 AS jprop0 FROM (SELECT t0.k0 AS k0,(SELECT jprop0 FROM (SELECT w1t1.k0 AS jkey0,1 AS jprop0 FROM t_12 w1t1 JOIN (SELECT CAST((CAST((w1t1.Reflection_sid_Table || CAST('.' AS varchar(1))) AS varchar(101)) || w1t0.Reflection_sid_TableColumn) AS varchar(201)) AS k0,ANYVALUE(w1t0.key0) AS e0 FROM Reflection_tableColumn w1t0 JOIN Reflection_tables w1t1 ON w1t1.key0=w1t0.Reflection_table_TableColumn WHERE (w1t1.Reflection_sid_Table IS NOT NULL AND w1t0.Reflection_sid_TableColumn IS NOT NULL) GROUP BY 1) w1t0 ON w1t0.k0=w1t1.p20 WHERE w1t0.e0=t0.k0 LIMIT 1) w1w1LEALIAS) AS e0 FROM (SELECT t0.e0 AS k0,ANYVALUE(1) AS e0 FROM (SELECT t0.k0 AS k0,(SELECT jprop0 FROM (SELECT w1t0.key0 AS jkey0,w1t0.key0 AS jprop0 FROM Reflection_tableColumn w1t0 JOIN Reflection_tables w1t1 ON w1t1.key0=w1t0.Reflection_table_TableColumn WHERE CAST((CAST((w1t1.Reflection_sid_Table || CAST('.' AS varchar(1))) AS varchar(101)) || w1t0.Reflection_sid_TableColumn) AS varchar(201))=t0.k0 LIMIT 1) w1w1LEALIAS) AS e0 FROM (SELECT CAST((CAST((t1.Reflection_sid_Table || CAST('.' AS varchar(1))) AS varchar(101)) || t0.Reflection_sid_TableColumn) AS varchar(201)) AS k0,ANYVALUE(1) AS e0 FROM Reflection_tableColumn t0 JOIN Reflection_tables t1 ON t1.key0=t0.Reflection_table_TableColumn WHERE (t1.Reflection_sid_Table IS NOT NULL AND t0.Reflection_sid_TableColumn IS NOT NULL) GROUP BY 1) t0 WHERE t0.e0 IS NOT NULL) t0 WHERE t0.e0 IS NOT NULL GROUP BY 1) t0 WHERE t0.e0 IS NOT NULL) t0 LEFT JOIN (SELECT t0.k0 AS k0,(SELECT jprop0 FROM (SELECT w1t1.k0 AS jkey0,w1t2.e0 AS jprop0 FROM t_12 w1t1 JOIN (SELECT CAST((CAST((w1t1.Reflection_sid_Table || CAST('.' AS varchar(1))) AS varchar(101)) || w1t0.Reflection_sid_TableColumn) AS varchar(201)) AS k0,ANYVALUE(w1t0.key0) AS e0 FROM Reflection_tableColumn w1t0 JOIN Reflection_tables w1t1 ON w1t1.key0=w1t0.Reflection_table_TableColumn WHERE (w1t1.Reflection_sid_Table IS NOT NULL AND w1t0.Reflection_sid_TableColumn IS NOT NULL) GROUP BY 1) w1t0 ON w1t0.k0=w1t1.p20 JOIN (SELECT w1t0.Reflection_sid_Table AS k0,ANYVALUE(w1t0.key0) AS e0 FROM Reflection_tables w1t0 WHERE w1t0.Reflection_sid_Table IS NOT NULL GROUP BY 1) w1t2 ON w1t2.k0=w1t1.p00 WHERE (w1t2.e0 IS NOT NULL AND w1t0.e0=t0.k0) ORDER BY 2 DESC NULLS LAST LIMIT 1) w1w1LEALIAS) AS e0 FROM (SELECT t0.e0 AS k0,ANYVALUE(1) AS e0 FROM (SELECT t0.k0 AS k0,(SELECT jprop0 FROM (SELECT w1t0.key0 AS jkey0,w1t0.key0 AS jprop0 FROM Reflection_tableColumn w1t0 JOIN Reflection_tables w1t1 ON w1t1.key0=w1t0.Reflection_table_TableColumn WHERE CAST((CAST((w1t1.Reflection_sid_Table || CAST('.' AS varchar(1))) AS varchar(101)) || w1t0.Reflection_sid_TableColumn) AS varchar(201))=t0.k0 LIMIT 1) w1w1LEALIAS) AS e0 FROM (SELECT CAST((CAST((t1.Reflection_sid_Table || CAST('.' AS varchar(1))) AS varchar(101)) || t0.Reflection_sid_TableColumn) AS varchar(201)) AS k0,ANYVALUE(1) AS e0 FROM Reflection_tableColumn t0 JOIN Reflection_tables t1 ON t1.key0=t0.Reflection_table_TableColumn WHERE (t1.Reflection_sid_Table IS NOT NULL AND t0.Reflection_sid_TableColumn IS NOT NULL) GROUP BY 1) t0 WHERE t0.e0 IS NOT NULL) t0 WHERE t0.e0 IS NOT NULL GROUP BY 1) t0 WHERE t0.e0 IS NOT NULL) t1 ON t1.k0=t0.k0 JOIN Reflection_tableColumn t2 ON t2.key0=t0.k0 WHERE (t0.e0 IS NOT NULL AND (t2.Reflection_table_TableColumn IS NULL OR t1.e0 IS NULL OR NOT t2.Reflection_table_TableColumn=t1.e0))
01 фев 2020 23:02:33,047 system - system - system  INFO SQLHandLogger -  lsfusion.server.data.sql.exception.SQLTimeoutException: TIMEOUT TIMEOUTINSERT INTO t_3 (k0,p00) SELECT t0.k0 AS jkey0,t0.e0 AS jprop0 FROM (SELECT t0.k0 AS k0,(SELECT jprop0 FROM (SELECT w1t1.k0 AS jkey0,w1t1.p10 AS jprop0 FROM t_12 w1t1 JOIN (SELECT CAST((CAST((w1t1.Reflection_sid_Table || CAST('.' AS varchar(1))) AS varchar(101)) || w1t0.Reflection_sid_TableColumn) AS varchar(201)) AS k0,ANYVALUE(w1t0.key0) AS e0 FROM Reflection_tableColumn w1t0 JOIN Reflection_tables w1t1 ON w1t1.key0=w1t0.Reflection_table_TableColumn WHERE (w1t1.Reflection_sid_Table IS NOT NULL AND w1t0.Reflection_sid_TableColumn IS NOT NULL) GROUP BY 1) w1t0 ON w1t0.k0=w1t1.p20 WHERE (w1t1.p10 IS NOT NULL AND w1t0.e0=t0.k0) ORDER BY 2 DESC NULLS LAST LIMIT 1) w1w1LEALIAS) AS e0,(SELECT jprop0 FROM (SELECT w1t1.k0 AS jkey0,1 AS jprop0 FROM t_12 w1t1 JOIN (SELECT CAST((CAST((w1t1.Reflection_sid_Table || CAST('.' AS varchar(1))) AS varchar(101)) || w1t0.Reflection_sid_TableColumn) AS varchar(201)) AS k0,ANYVALUE(w1t0.key0) AS e0 FROM Reflection_tableColumn w1t0 JOIN Reflection_tables w1t1 ON w1t1.key0=w1t0.Reflection_table_TableColumn WHERE (w1t1.Reflection_sid_Table IS NOT NULL AND w1t0.Reflection_sid_TableColumn IS NOT NULL) GROUP BY 1) w1t0 ON w1t0.k0=w1t1.p20 WHERE w1t0.e0=t0.k0 LIMIT 1) w1w2LEALIAS) AS e1 FROM (SELECT t0.e0 AS k0,ANYVALUE(1) AS e0 FROM (SELECT t0.k0 AS k0,(SELECT jprop0 FROM (SELECT w1t0.key0 AS jkey0,w1t0.key0 AS jprop0 FROM Reflection_tableColumn w1t0 JOIN Reflection_tables w1t1 ON w1t1.key0=w1t0.Reflection_table_TableColumn WHERE CAST((CAST((w1t1.Reflection_sid_Table || CAST('.' AS varchar(1))) AS varchar(101)) || w1t0.Reflection_sid_TableColumn) AS varchar(201))=t0.k0 LIMIT 1) w1w1LEALIAS) AS e0 FROM (SELECT CAST((CAST((t1.Reflection_sid_Table || CAST('.' AS varchar(1))) AS varchar(101)) || t0.Reflection_sid_TableColumn) AS varchar(201)) AS k0,ANYVALUE(1) AS e0 FROM Reflection_tableColumn t0 JOIN Reflection_tables t1 ON t1.key0=t0.Reflection_table_TableColumn WHERE (t1.Reflection_sid_Table IS NOT NULL AND t0.Reflection_sid_TableColumn IS NOT NULL) GROUP BY 1) t0 WHERE t0.e0 IS NOT NULL) t0 WHERE t0.e0 IS NOT NULL GROUP BY 1) t0 WHERE t0.e0 IS NOT NULL) t0 JOIN Reflection_tableColumn t1 ON t1.key0=t0.k0 WHERE (t0.e1 IS NOT NULL AND (t1.Reflection_sid_TableColumn IS NULL OR t0.e0 IS NULL OR NOT t1.Reflection_sid_TableColumn=t0.e0))
01 фев 2020 23:10:24,342 system - system - system ERROR SQLHandLogger - SUPPRESSED : ОШИБКА: база данных "lsfusion_tournament" уже существует
	at org.postgresql.core.v3.QueryExecutorImpl.receiveErrorResponse(QueryExecutorImpl.java:2497)
	at org.postgresql.core.v3.QueryExecutorImpl.processResults(QueryExecutorImpl.java:2233)
	at org.postgresql.core.v3.QueryExecutorImpl.execute(QueryExecutorImpl.java:310)
	at org.postgresql.jdbc.PgStatement.executeInternal(PgStatement.java:446)
	at org.postgresql.jdbc.PgStatement.execute(PgStatement.java:370)
	at org.postgresql.jdbc.PgStatement.executeWithFlags(PgStatement.java:311)
	at org.postgresql.jdbc.PgStatement.executeCachedSql(PgStatement.java:297)
	at org.postgresql.jdbc.PgStatement.executeWithFlags(PgStatement.java:274)
	at org.postgresql.jdbc.PgStatement.execute(PgStatement.java:269)
	at lsfusion.server.data.sql.adapter.PostgreDataAdapter.ensureDB(PostgreDataAdapter.java:93)
	at lsfusion.server.data.sql.adapter.DataAdapter.ensure(DataAdapter.java:68)
	at lsfusion.server.physics.exec.db.controller.manager.DBManager.initReflectionEvents(DBManager.java:187)
	at lsfusion.server.physics.admin.reflection.controller.init.InitReflectionEventsTask.run(InitReflectionEventsTask.java:13)
	at lsfusion.server.base.task.Task.proceed(Task.java:143)
	at lsfusion.server.base.task.Task$1.aspectRun(Task.java:101)
	at lsfusion.server.base.controller.thread.ExecutorFactory$AspectRunnable.run(ExecutorFactory.java:465)
	at java.util.concurrent.ThreadPoolExecutor.runWorker(ThreadPoolExecutor.java:1149)
	at java.util.concurrent.ThreadPoolExecutor$Worker.run(ThreadPoolExecutor.java:624)
	at java.lang.Thread.run(Thread.java:748)
	at lsfusion.server.base.controller.thread.ExecutorFactory$ClosableDaemonThreadFactory$ClosableThread.run(ExecutorFactory.java:536)


	at lsfusion.base.ExceptionUtils.getStackTrace(ExceptionUtils.java:26)
	at lsfusion.server.base.controller.stack.ExecutionStackAspect.getExStackTrace(ExecutionStackAspect.java:344)
	at lsfusion.server.physics.admin.log.ServerLoggers.sqlSuppLog(ServerLoggers.java:98)
	at lsfusion.server.data.sql.adapter.PostgreDataAdapter.ensureDB(PostgreDataAdapter.java:95)
	at lsfusion.server.data.sql.adapter.DataAdapter.ensure(DataAdapter.java:68)
	at lsfusion.server.physics.exec.db.controller.manager.DBManager.initReflectionEvents(DBManager.java:187)
	at lsfusion.server.physics.admin.reflection.controller.init.InitReflectionEventsTask.run(InitReflectionEventsTask.java:13)
	at lsfusion.server.base.task.Task.proceed(Task.java:143)
	at lsfusion.server.base.task.Task$1.aspectRun(Task.java:101)
	at lsfusion.server.base.controller.thread.ExecutorFactory$AspectRunnable.run(ExecutorFactory.java:465)
	at java.util.concurrent.ThreadPoolExecutor.runWorker(ThreadPoolExecutor.java:1149)
	at java.util.concurrent.ThreadPoolExecutor$Worker.run(ThreadPoolExecutor.java:624)
	at java.lang.Thread.run(Thread.java:748)
	at lsfusion.server.base.controller.thread.ExecutorFactory$ClosableDaemonThreadFactory$ClosableThread.run(ExecutorFactory.java:536)

01 фев 2020 23:10:52,406 system - system - system  INFO SQLHandLogger -  lsfusion.server.data.sql.exception.SQLTimeoutException: TIMEOUT TIMEOUTINSERT INTO t_11 (k0,p00) SELECT t0.k0 AS jkey0,t1.e0 AS jprop0 FROM (SELECT t0.k0 AS k0,(SELECT jprop0 FROM (SELECT w1t1.k0 AS jkey0,1 AS jprop0 FROM t_12 w1t1 JOIN (SELECT CAST((CAST((w1t1.Reflection_sid_Table || CAST('.' AS varchar(1))) AS varchar(101)) || w1t0.Reflection_sid_TableColumn) AS varchar(201)) AS k0,ANYVALUE(w1t0.key0) AS e0 FROM Reflection_tableColumn w1t0 JOIN Reflection_tables w1t1 ON w1t1.key0=w1t0.Reflection_table_TableColumn WHERE (w1t1.Reflection_sid_Table IS NOT NULL AND w1t0.Reflection_sid_TableColumn IS NOT NULL) GROUP BY 1) w1t0 ON w1t0.k0=w1t1.p20 WHERE w1t0.e0=t0.k0 LIMIT 1) w1w1LEALIAS) AS e0 FROM (SELECT t0.e0 AS k0,ANYVALUE(1) AS e0 FROM (SELECT t0.k0 AS k0,(SELECT jprop0 FROM (SELECT w1t0.key0 AS jkey0,w1t0.key0 AS jprop0 FROM Reflection_tableColumn w1t0 JOIN Reflection_tables w1t1 ON w1t1.key0=w1t0.Reflection_table_TableColumn WHERE CAST((CAST((w1t1.Reflection_sid_Table || CAST('.' AS varchar(1))) AS varchar(101)) || w1t0.Reflection_sid_TableColumn) AS varchar(201))=t0.k0 LIMIT 1) w1w1LEALIAS) AS e0 FROM (SELECT CAST((CAST((t1.Reflection_sid_Table || CAST('.' AS varchar(1))) AS varchar(101)) || t0.Reflection_sid_TableColumn) AS varchar(201)) AS k0,ANYVALUE(1) AS e0 FROM Reflection_tableColumn t0 JOIN Reflection_tables t1 ON t1.key0=t0.Reflection_table_TableColumn WHERE (t1.Reflection_sid_Table IS NOT NULL AND t0.Reflection_sid_TableColumn IS NOT NULL) GROUP BY 1) t0 WHERE t0.e0 IS NOT NULL) t0 WHERE t0.e0 IS NOT NULL GROUP BY 1) t0 WHERE t0.e0 IS NOT NULL) t0 LEFT JOIN (SELECT t0.k0 AS k0,(SELECT jprop0 FROM (SELECT w1t1.k0 AS jkey0,w1t2.e0 AS jprop0 FROM t_12 w1t1 JOIN (SELECT CAST((CAST((w1t1.Reflection_sid_Table || CAST('.' AS varchar(1))) AS varchar(101)) || w1t0.Reflection_sid_TableColumn) AS varchar(201)) AS k0,ANYVALUE(w1t0.key0) AS e0 FROM Reflection_tableColumn w1t0 JOIN Reflection_tables w1t1 ON w1t1.key0=w1t0.Reflection_table_TableColumn WHERE (w1t1.Reflection_sid_Table IS NOT NULL AND w1t0.Reflection_sid_TableColumn IS NOT NULL) GROUP BY 1) w1t0 ON w1t0.k0=w1t1.p20 JOIN (SELECT w1t0.Reflection_sid_Table AS k0,ANYVALUE(w1t0.key0) AS e0 FROM Reflection_tables w1t0 WHERE w1t0.Reflection_sid_Table IS NOT NULL GROUP BY 1) w1t2 ON w1t2.k0=w1t1.p00 WHERE (w1t2.e0 IS NOT NULL AND w1t0.e0=t0.k0) ORDER BY 2 DESC NULLS LAST LIMIT 1) w1w1LEALIAS) AS e0 FROM (SELECT t0.e0 AS k0,ANYVALUE(1) AS e0 FROM (SELECT t0.k0 AS k0,(SELECT jprop0 FROM (SELECT w1t0.key0 AS jkey0,w1t0.key0 AS jprop0 FROM Reflection_tableColumn w1t0 JOIN Reflection_tables w1t1 ON w1t1.key0=w1t0.Reflection_table_TableColumn WHERE CAST((CAST((w1t1.Reflection_sid_Table || CAST('.' AS varchar(1))) AS varchar(101)) || w1t0.Reflection_sid_TableColumn) AS varchar(201))=t0.k0 LIMIT 1) w1w1LEALIAS) AS e0 FROM (SELECT CAST((CAST((t1.Reflection_sid_Table || CAST('.' AS varchar(1))) AS varchar(101)) || t0.Reflection_sid_TableColumn) AS varchar(201)) AS k0,ANYVALUE(1) AS e0 FROM Reflection_tableColumn t0 JOIN Reflection_tables t1 ON t1.key0=t0.Reflection_table_TableColumn WHERE (t1.Reflection_sid_Table IS NOT NULL AND t0.Reflection_sid_TableColumn IS NOT NULL) GROUP BY 1) t0 WHERE t0.e0 IS NOT NULL) t0 WHERE t0.e0 IS NOT NULL GROUP BY 1) t0 WHERE t0.e0 IS NOT NULL) t1 ON t1.k0=t0.k0 JOIN Reflection_tableColumn t2 ON t2.key0=t0.k0 WHERE (t0.e0 IS NOT NULL AND (t2.Reflection_table_TableColumn IS NULL OR t1.e0 IS NULL OR NOT t2.Reflection_table_TableColumn=t1.e0))
01 фев 2020 23:10:57,126 system - system - system  INFO SQLHandLogger -  lsfusion.server.data.sql.exception.SQLTimeoutException: TIMEOUT TIMEOUTINSERT INTO t_3 (k0,p00) SELECT t0.k0 AS jkey0,t0.e0 AS jprop0 FROM (SELECT t0.k0 AS k0,(SELECT jprop0 FROM (SELECT w1t1.k0 AS jkey0,w1t1.p10 AS jprop0 FROM t_12 w1t1 JOIN (SELECT CAST((CAST((w1t1.Reflection_sid_Table || CAST('.' AS varchar(1))) AS varchar(101)) || w1t0.Reflection_sid_TableColumn) AS varchar(201)) AS k0,ANYVALUE(w1t0.key0) AS e0 FROM Reflection_tableColumn w1t0 JOIN Reflection_tables w1t1 ON w1t1.key0=w1t0.Reflection_table_TableColumn WHERE (w1t1.Reflection_sid_Table IS NOT NULL AND w1t0.Reflection_sid_TableColumn IS NOT NULL) GROUP BY 1) w1t0 ON w1t0.k0=w1t1.p20 WHERE (w1t1.p10 IS NOT NULL AND w1t0.e0=t0.k0) ORDER BY 2 DESC NULLS LAST LIMIT 1) w1w1LEALIAS) AS e0,(SELECT jprop0 FROM (SELECT w1t1.k0 AS jkey0,1 AS jprop0 FROM t_12 w1t1 JOIN (SELECT CAST((CAST((w1t1.Reflection_sid_Table || CAST('.' AS varchar(1))) AS varchar(101)) || w1t0.Reflection_sid_TableColumn) AS varchar(201)) AS k0,ANYVALUE(w1t0.key0) AS e0 FROM Reflection_tableColumn w1t0 JOIN Reflection_tables w1t1 ON w1t1.key0=w1t0.Reflection_table_TableColumn WHERE (w1t1.Reflection_sid_Table IS NOT NULL AND w1t0.Reflection_sid_TableColumn IS NOT NULL) GROUP BY 1) w1t0 ON w1t0.k0=w1t1.p20 WHERE w1t0.e0=t0.k0 LIMIT 1) w1w2LEALIAS) AS e1 FROM (SELECT t0.e0 AS k0,ANYVALUE(1) AS e0 FROM (SELECT t0.k0 AS k0,(SELECT jprop0 FROM (SELECT w1t0.key0 AS jkey0,w1t0.key0 AS jprop0 FROM Reflection_tableColumn w1t0 JOIN Reflection_tables w1t1 ON w1t1.key0=w1t0.Reflection_table_TableColumn WHERE CAST((CAST((w1t1.Reflection_sid_Table || CAST('.' AS varchar(1))) AS varchar(101)) || w1t0.Reflection_sid_TableColumn) AS varchar(201))=t0.k0 LIMIT 1) w1w1LEALIAS) AS e0 FROM (SELECT CAST((CAST((t1.Reflection_sid_Table || CAST('.' AS varchar(1))) AS varchar(101)) || t0.Reflection_sid_TableColumn) AS varchar(201)) AS k0,ANYVALUE(1) AS e0 FROM Reflection_tableColumn t0 JOIN Reflection_tables t1 ON t1.key0=t0.Reflection_table_TableColumn WHERE (t1.Reflection_sid_Table IS NOT NULL AND t0.Reflection_sid_TableColumn IS NOT NULL) GROUP BY 1) t0 WHERE t0.e0 IS NOT NULL) t0 WHERE t0.e0 IS NOT NULL GROUP BY 1) t0 WHERE t0.e0 IS NOT NULL) t0 JOIN Reflection_tableColumn t1 ON t1.key0=t0.k0 WHERE (t0.e1 IS NOT NULL AND (t1.Reflection_sid_TableColumn IS NULL OR t0.e0 IS NULL OR NOT t1.Reflection_sid_TableColumn=t0.e0))
01 фев 2020 23:43:05,254 system - system - system ERROR SQLHandLogger - SUPPRESSED : ОШИБКА: база данных "lsfusion_tournament" уже существует
	at org.postgresql.core.v3.QueryExecutorImpl.receiveErrorResponse(QueryExecutorImpl.java:2497)
	at org.postgresql.core.v3.QueryExecutorImpl.processResults(QueryExecutorImpl.java:2233)
	at org.postgresql.core.v3.QueryExecutorImpl.execute(QueryExecutorImpl.java:310)
	at org.postgresql.jdbc.PgStatement.executeInternal(PgStatement.java:446)
	at org.postgresql.jdbc.PgStatement.execute(PgStatement.java:370)
	at org.postgresql.jdbc.PgStatement.executeWithFlags(PgStatement.java:311)
	at org.postgresql.jdbc.PgStatement.executeCachedSql(PgStatement.java:297)
	at org.postgresql.jdbc.PgStatement.executeWithFlags(PgStatement.java:274)
	at org.postgresql.jdbc.PgStatement.execute(PgStatement.java:269)
	at lsfusion.server.data.sql.adapter.PostgreDataAdapter.ensureDB(PostgreDataAdapter.java:93)
	at lsfusion.server.data.sql.adapter.DataAdapter.ensure(DataAdapter.java:68)
	at lsfusion.server.physics.exec.db.controller.manager.DBManager.initReflectionEvents(DBManager.java:187)
	at lsfusion.server.physics.admin.reflection.controller.init.InitReflectionEventsTask.run(InitReflectionEventsTask.java:13)
	at lsfusion.server.base.task.Task.proceed(Task.java:143)
	at lsfusion.server.base.task.Task$1.aspectRun(Task.java:101)
	at lsfusion.server.base.controller.thread.ExecutorFactory$AspectRunnable.run(ExecutorFactory.java:465)
	at java.util.concurrent.ThreadPoolExecutor.runWorker(ThreadPoolExecutor.java:1149)
	at java.util.concurrent.ThreadPoolExecutor$Worker.run(ThreadPoolExecutor.java:624)
	at java.lang.Thread.run(Thread.java:748)
	at lsfusion.server.base.controller.thread.ExecutorFactory$ClosableDaemonThreadFactory$ClosableThread.run(ExecutorFactory.java:536)


	at lsfusion.base.ExceptionUtils.getStackTrace(ExceptionUtils.java:26)
	at lsfusion.server.base.controller.stack.ExecutionStackAspect.getExStackTrace(ExecutionStackAspect.java:344)
	at lsfusion.server.physics.admin.log.ServerLoggers.sqlSuppLog(ServerLoggers.java:98)
	at lsfusion.server.data.sql.adapter.PostgreDataAdapter.ensureDB(PostgreDataAdapter.java:95)
	at lsfusion.server.data.sql.adapter.DataAdapter.ensure(DataAdapter.java:68)
	at lsfusion.server.physics.exec.db.controller.manager.DBManager.initReflectionEvents(DBManager.java:187)
	at lsfusion.server.physics.admin.reflection.controller.init.InitReflectionEventsTask.run(InitReflectionEventsTask.java:13)
	at lsfusion.server.base.task.Task.proceed(Task.java:143)
	at lsfusion.server.base.task.Task$1.aspectRun(Task.java:101)
	at lsfusion.server.base.controller.thread.ExecutorFactory$AspectRunnable.run(ExecutorFactory.java:465)
	at java.util.concurrent.ThreadPoolExecutor.runWorker(ThreadPoolExecutor.java:1149)
	at java.util.concurrent.ThreadPoolExecutor$Worker.run(ThreadPoolExecutor.java:624)
	at java.lang.Thread.run(Thread.java:748)
	at lsfusion.server.base.controller.thread.ExecutorFactory$ClosableDaemonThreadFactory$ClosableThread.run(ExecutorFactory.java:536)

01 фев 2020 23:43:32,419 system - system - system  INFO SQLHandLogger -  lsfusion.server.data.sql.exception.SQLTimeoutException: TIMEOUT TIMEOUTINSERT INTO t_3 (k0,p00) (SELECT 1676 AS jkey0,t0.e0 AS jprop0 FROM (SELECT (SELECT jprop0 FROM (SELECT w1t0.k0 AS jkey0,w1t0.p10 AS jprop0 FROM t_11 w1t0 WHERE (w1t0.p20=CAST('_auto_Main_Team.Main_number_Team' AS varchar(201)) AND w1t0.p10 IS NOT NULL) ORDER BY 2 DESC NULLS LAST LIMIT 1) w1w1LEALIAS) AS e0,(SELECT jprop0 FROM (SELECT w1t0.k0 AS jkey0,1 AS jprop0 FROM t_11 w1t0 WHERE w1t0.p20=CAST('_auto_Main_Team.Main_number_Team' AS varchar(201)) LIMIT 1) w1w2LEALIAS) AS e1 FROM dumb WHERE 1=1) t0 WHERE t0.e1 IS NOT NULL) UNION (SELECT t0.key0 AS jkey0,t1.e0 AS jprop0 FROM Reflection_tableColumn t0 JOIN (SELECT t0.key0 AS k0,(SELECT jprop0 FROM (SELECT w1t1.k0 AS jkey0,w1t1.p10 AS jprop0 FROM t_11 w1t1 JOIN (SELECT CAST((CAST((w1t1.Reflection_sid_Table || CAST('.' AS varchar(1))) AS varchar(101)) || w1t0.Reflection_sid_TableColumn) AS varchar(201)) AS k0,ANYVALUE(w1t0.key0) AS e0 FROM Reflection_tableColumn w1t0 JOIN Reflection_tables w1t1 ON w1t1.key0=w1t0.Reflection_table_TableColumn WHERE (w1t1.Reflection_sid_Table IS NOT NULL AND w1t0.Reflection_sid_TableColumn IS NOT NULL) GROUP BY 1) w1t0 ON w1t0.k0=w1t1.p20 WHERE (w1t1.p10 IS NOT NULL AND w1t0.e0=t0.key0 AND NOT w1t1.p20=CAST('_auto_Main_Team.Main_number_Team' AS varchar(201))) ORDER BY 2 DESC NULLS LAST LIMIT 1) w1w1LEALIAS) AS e0,(SELECT jprop0 FROM (SELECT w1t1.k0 AS jkey0,1 AS jprop0 FROM t_11 w1t1 JOIN (SELECT CAST((CAST((w1t1.Reflection_sid_Table || CAST('.' AS varchar(1))) AS varchar(101)) || w1t0.Reflection_sid_TableColumn) AS varchar(201)) AS k0,ANYVALUE(w1t0.key0) AS e0 FROM Reflection_tableColumn w1t0 JOIN Reflection_tables w1t1 ON w1t1.key0=w1t0.Reflection_table_TableColumn WHERE (w1t1.Reflection_sid_Table IS NOT NULL AND w1t0.Reflection_sid_TableColumn IS NOT NULL) GROUP BY 1) w1t0 ON w1t0.k0=w1t1.p20 WHERE (w1t0.e0=t0.key0 AND NOT w1t1.p20=CAST('_auto_Main_Team.Main_number_Team' AS varchar(201))) LIMIT 1) w1w2LEALIAS) AS e1 FROM Reflection_tableColumn t0 WHERE 1=1) t1 ON t1.k0=t0.key0 WHERE (t1.e1 IS NOT NULL AND (t0.Reflection_sid_TableColumn IS NULL OR t1.e0 IS NULL OR NOT t0.Reflection_sid_TableColumn=t1.e0)))
01 фев 2020 23:48:05,431 system - system - system ERROR SQLHandLogger - SUPPRESSED : ОШИБКА: база данных "lsfusion_tournament" уже существует
	at org.postgresql.core.v3.QueryExecutorImpl.receiveErrorResponse(QueryExecutorImpl.java:2497)
	at org.postgresql.core.v3.QueryExecutorImpl.processResults(QueryExecutorImpl.java:2233)
	at org.postgresql.core.v3.QueryExecutorImpl.execute(QueryExecutorImpl.java:310)
	at org.postgresql.jdbc.PgStatement.executeInternal(PgStatement.java:446)
	at org.postgresql.jdbc.PgStatement.execute(PgStatement.java:370)
	at org.postgresql.jdbc.PgStatement.executeWithFlags(PgStatement.java:311)
	at org.postgresql.jdbc.PgStatement.executeCachedSql(PgStatement.java:297)
	at org.postgresql.jdbc.PgStatement.executeWithFlags(PgStatement.java:274)
	at org.postgresql.jdbc.PgStatement.execute(PgStatement.java:269)
	at lsfusion.server.data.sql.adapter.PostgreDataAdapter.ensureDB(PostgreDataAdapter.java:93)
	at lsfusion.server.data.sql.adapter.DataAdapter.ensure(DataAdapter.java:68)
	at lsfusion.server.physics.exec.db.controller.manager.DBManager.initReflectionEvents(DBManager.java:187)
	at lsfusion.server.physics.admin.reflection.controller.init.InitReflectionEventsTask.run(InitReflectionEventsTask.java:13)
	at lsfusion.server.base.task.Task.proceed(Task.java:143)
	at lsfusion.server.base.task.Task$1.aspectRun(Task.java:101)
	at lsfusion.server.base.controller.thread.ExecutorFactory$AspectRunnable.run(ExecutorFactory.java:465)
	at java.util.concurrent.ThreadPoolExecutor.runWorker(ThreadPoolExecutor.java:1149)
	at java.util.concurrent.ThreadPoolExecutor$Worker.run(ThreadPoolExecutor.java:624)
	at java.lang.Thread.run(Thread.java:748)
	at lsfusion.server.base.controller.thread.ExecutorFactory$ClosableDaemonThreadFactory$ClosableThread.run(ExecutorFactory.java:536)


	at lsfusion.base.ExceptionUtils.getStackTrace(ExceptionUtils.java:26)
	at lsfusion.server.base.controller.stack.ExecutionStackAspect.getExStackTrace(ExecutionStackAspect.java:344)
	at lsfusion.server.physics.admin.log.ServerLoggers.sqlSuppLog(ServerLoggers.java:98)
	at lsfusion.server.data.sql.adapter.PostgreDataAdapter.ensureDB(PostgreDataAdapter.java:95)
	at lsfusion.server.data.sql.adapter.DataAdapter.ensure(DataAdapter.java:68)
	at lsfusion.server.physics.exec.db.controller.manager.DBManager.initReflectionEvents(DBManager.java:187)
	at lsfusion.server.physics.admin.reflection.controller.init.InitReflectionEventsTask.run(InitReflectionEventsTask.java:13)
	at lsfusion.server.base.task.Task.proceed(Task.java:143)
	at lsfusion.server.base.task.Task$1.aspectRun(Task.java:101)
	at lsfusion.server.base.controller.thread.ExecutorFactory$AspectRunnable.run(ExecutorFactory.java:465)
	at java.util.concurrent.ThreadPoolExecutor.runWorker(ThreadPoolExecutor.java:1149)
	at java.util.concurrent.ThreadPoolExecutor$Worker.run(ThreadPoolExecutor.java:624)
	at java.lang.Thread.run(Thread.java:748)
	at lsfusion.server.base.controller.thread.ExecutorFactory$ClosableDaemonThreadFactory$ClosableThread.run(ExecutorFactory.java:536)

01 фев 2020 23:48:24,583 system - system - system ERROR SQLHandLogger - SUPPRESSED : ОШИБКА: база данных "lsfusion_tournament" уже существует
	at org.postgresql.core.v3.QueryExecutorImpl.receiveErrorResponse(QueryExecutorImpl.java:2497)
	at org.postgresql.core.v3.QueryExecutorImpl.processResults(QueryExecutorImpl.java:2233)
	at org.postgresql.core.v3.QueryExecutorImpl.execute(QueryExecutorImpl.java:310)
	at org.postgresql.jdbc.PgStatement.executeInternal(PgStatement.java:446)
	at org.postgresql.jdbc.PgStatement.execute(PgStatement.java:370)
	at org.postgresql.jdbc.PgStatement.executeWithFlags(PgStatement.java:311)
	at org.postgresql.jdbc.PgStatement.executeCachedSql(PgStatement.java:297)
	at org.postgresql.jdbc.PgStatement.executeWithFlags(PgStatement.java:274)
	at org.postgresql.jdbc.PgStatement.execute(PgStatement.java:269)
	at lsfusion.server.data.sql.adapter.PostgreDataAdapter.ensureDB(PostgreDataAdapter.java:93)
	at lsfusion.server.data.sql.adapter.DataAdapter.ensure(DataAdapter.java:68)
	at lsfusion.server.physics.exec.db.controller.manager.DBManager.initReflectionEvents(DBManager.java:187)
	at lsfusion.server.physics.admin.reflection.controller.init.InitReflectionEventsTask.run(InitReflectionEventsTask.java:13)
	at lsfusion.server.base.task.Task.proceed(Task.java:143)
	at lsfusion.server.base.task.Task$1.aspectRun(Task.java:101)
	at lsfusion.server.base.controller.thread.ExecutorFactory$AspectRunnable.run(ExecutorFactory.java:465)
	at java.util.concurrent.ThreadPoolExecutor.runWorker(ThreadPoolExecutor.java:1149)
	at java.util.concurrent.ThreadPoolExecutor$Worker.run(ThreadPoolExecutor.java:624)
	at java.lang.Thread.run(Thread.java:748)
	at lsfusion.server.base.controller.thread.ExecutorFactory$ClosableDaemonThreadFactory$ClosableThread.run(ExecutorFactory.java:536)


	at lsfusion.base.ExceptionUtils.getStackTrace(ExceptionUtils.java:26)
	at lsfusion.server.base.controller.stack.ExecutionStackAspect.getExStackTrace(ExecutionStackAspect.java:344)
	at lsfusion.server.physics.admin.log.ServerLoggers.sqlSuppLog(ServerLoggers.java:98)
	at lsfusion.server.data.sql.adapter.PostgreDataAdapter.ensureDB(PostgreDataAdapter.java:95)
	at lsfusion.server.data.sql.adapter.DataAdapter.ensure(DataAdapter.java:68)
	at lsfusion.server.physics.exec.db.controller.manager.DBManager.initReflectionEvents(DBManager.java:187)
	at lsfusion.server.physics.admin.reflection.controller.init.InitReflectionEventsTask.run(InitReflectionEventsTask.java:13)
	at lsfusion.server.base.task.Task.proceed(Task.java:143)
	at lsfusion.server.base.task.Task$1.aspectRun(Task.java:101)
	at lsfusion.server.base.controller.thread.ExecutorFactory$AspectRunnable.run(ExecutorFactory.java:465)
	at java.util.concurrent.ThreadPoolExecutor.runWorker(ThreadPoolExecutor.java:1149)
	at java.util.concurrent.ThreadPoolExecutor$Worker.run(ThreadPoolExecutor.java:624)
	at java.lang.Thread.run(Thread.java:748)
	at lsfusion.server.base.controller.thread.ExecutorFactory$ClosableDaemonThreadFactory$ClosableThread.run(ExecutorFactory.java:536)

